<?xml version="1.0" encoding="utf-8"?>
<TestRun id="43a1b776-2620-433a-bebc-b9d6e3d0826a" name="@Pieters-MBP 2026-04-20 16:13:00" xmlns="http://microsoft.com/schemas/VisualStudio/TeamTest/2010">
  <Times creation="2026-04-20T16:13:00.0209390+02:00" queuing="2026-04-20T16:13:00.0209390+02:00" start="2026-04-20T16:12:56.8010130+02:00" finish="2026-04-20T16:13:00.6511840+02:00" />
  <TestSettings name="default" id="4a8c1571-ce53-4371-9b41-8116e0d07436">
    <Deployment runDeploymentRoot="_Pieters-MBP_2026-04-20_16_13_00" />
  </TestSettings>
  <Results>
    <UnitTestResult executionId="6b71fe21-29a7-4eb6-9807-fbf920299f2d" testId="f2d67040-95b9-d722-9ca9-1d4ca3b6e17c" testName="WeaveFleet.E2E.Tests.RouteSmokeTests.Route_LoadsWithoutClientErrors_AndRendersMainContent(route: &quot;/repositories&quot;, expectedHeading: &quot;Repositories&quot;)" computerName="Pieters-MBP" duration="00:00:00.4659267" startTime="2026-04-20T16:12:57.5006510+02:00" endTime="2026-04-20T16:12:58.5415740+02:00" testType="13cdc9d9-ddb5-4fa4-a97d-d965ccfc6d4b" outcome="Passed" testListId="8c84fa94-04c1-424b-9868-57a2d4851a1d" relativeResultsDirectory="6b71fe21-29a7-4eb6-9807-fbf920299f2d" />
    <UnitTestResult executionId="e45a106b-e325-453c-941e-ad66b3d5e344" testId="1201ee16-5774-211f-ec78-3386cf3cd226" testName="WeaveFleet.E2E.Tests.RouteSmokeTests.Route_LoadsWithoutClientErrors_AndRendersMainContent(route: &quot;/templates&quot;, expectedHeading: &quot;Templates&quot;)" computerName="Pieters-MBP" duration="00:00:00.3488449" startTime="2026-04-20T16:12:59.0265050+02:00" endTime="2026-04-20T16:12:59.4075170+02:00" testType="13cdc9d9-ddb5-4fa4-a97d-d965ccfc6d4b" outcome="Passed" testListId="8c84fa94-04c1-424b-9868-57a2d4851a1d" relativeResultsDirectory="e45a106b-e325-453c-941e-ad66b3d5e344" />
    <UnitTestResult executionId="f6d8bb9c-74de-4ec5-a885-6b939910ede3" testId="f81f0d4a-37a1-a6d3-1e8b-d82605bdab61" testName="WeaveFleet.E2E.Tests.RouteSmokeTests.Route_LoadsWithoutClientErrors_AndRendersMainContent(route: &quot;/board&quot;, expectedHeading: &quot;Kanban Board&quot;)" computerName="Pieters-MBP" duration="00:00:00.3604087" startTime="2026-04-20T16:12:59.7798530+02:00" endTime="2026-04-20T16:13:00.1756970+02:00" testType="13cdc9d9-ddb5-4fa4-a97d-d965ccfc6d4b" outcome="Passed" testListId="8c84fa94-04c1-424b-9868-57a2d4851a1d" relativeResultsDirectory="f6d8bb9c-74de-4ec5-a885-6b939910ede3" />
    <UnitTestResult executionId="bf35939b-6f9c-42e2-81af-9e94e057d44c" testId="6232bce3-ae38-21e0-7239-97d51bdd6a13" testName="WeaveFleet.E2E.Tests.RouteSmokeTests.Route_LoadsWithoutClientErrors_AndRendersMainContent(route: &quot;/queue&quot;, expectedHeading: &quot;Task Queue&quot;)" computerName="Pieters-MBP" duration="00:00:00.3390964" startTime="2026-04-20T16:12:59.4078180+02:00" endTime="2026-04-20T16:12:59.7796780+02:00" testType="13cdc9d9-ddb5-4fa4-a97d-d965ccfc6d4b" outcome="Passed" testListId="8c84fa94-04c1-424b-9868-57a2d4851a1d" relativeResultsDirectory="bf35939b-6f9c-42e2-81af-9e94e057d44c" />
    <UnitTestResult executionId="8c511de8-f04e-4755-8995-3f14ea07c084" testId="0ed6e3c4-e55d-9f71-ae72-af8941c1efe7" testName="WeaveFleet.E2E.Tests.RouteSmokeTests.Route_LoadsWithoutClientErrors_AndRendersMainContent(route: &quot;/settings&quot;, expectedHeading: &quot;Settings&quot;)" computerName="Pieters-MBP" duration="00:00:00.3558805" startTime="2026-04-20T16:12:58.5456700+02:00" endTime="2026-04-20T16:12:59.0187680+02:00" testType="13cdc9d9-ddb5-4fa4-a97d-d965ccfc6d4b" outcome="Failed" testListId="8c84fa94-04c1-424b-9868-57a2d4851a1d" relativeResultsDirectory="8c511de8-f04e-4755-8995-3f14ea07c084">
      <Output>
        <ErrorInfo>
          <Message>Shouldly.ShouldAssertException : consoleErrors.IsEmpty&#xD;
    should be&#xD;
True&#xD;
    but was&#xD;
False&#xD;
&#xD;
Additional Info:&#xD;
    Expected no console errors for route '/settings', but found: Failed to load resource: the server responded with a status of 500 (Internal Server Error)</Message>
          <StackTrace>   at WeaveFleet.E2E.Tests.RouteSmokeTests.&lt;&gt;c__DisplayClass1_0.&lt;&lt;Route_LoadsWithoutClientErrors_AndRendersMainContent&gt;b__0&gt;d.MoveNext() in /Users/pgermishuys/source/weave-fleet-vue-ui/tests/WeaveFleet.E2E/Tests/RouteSmokeTests.cs:line 63
--- End of stack trace from previous location ---
   at System.Runtime.ExceptionServices.ExceptionDispatchInfo.Throw()
   at System.Runtime.CompilerServices.TaskAwaiter.ThrowForNonSuccess(Task task)
   at System.Runtime.CompilerServices.TaskAwaiter.HandleNonSuccessAndDebuggerNotification(Task task, ConfigureAwaitOptions options)
   at WeaveFleet.E2E.Infrastructure.E2ETestBase.WithFailureCapture(Func`1 action) in /Users/pgermishuys/source/weave-fleet-vue-ui/tests/WeaveFleet.E2E/Infrastructure/E2ETestBase.cs:line 135
   at System.Runtime.ExceptionServices.ExceptionDispatchInfo.Throw()
   at System.Runtime.CompilerServices.TaskAwaiter.ThrowForNonSuccess(Task task)
   at System.Runtime.CompilerServices.TaskAwaiter.HandleNonSuccessAndDebuggerNotification(Task task, ConfigureAwaitOptions options)
   at WeaveFleet.E2E.Tests.RouteSmokeTests.Route_LoadsWithoutClientErrors_AndRendersMainContent(String route, String expectedHeading) in /Users/pgermishuys/source/weave-fleet-vue-ui/tests/WeaveFleet.E2E/Tests/RouteSmokeTests.cs:line 28
   at System.Runtime.ExceptionServices.ExceptionDispatchInfo.Throw()
   at System.Runtime.CompilerServices.TaskAwaiter.ThrowForNonSuccess(Task task)
   at System.Runtime.CompilerServices.TaskAwaiter.HandleNonSuccessAndDebuggerNotification(Task task, ConfigureAwaitOptions options)
--- End of stack trace from previous location ---
   at System.Runtime.ExceptionServices.ExceptionDispatchInfo.Throw()
   at System.Runtime.CompilerServices.TaskAwaiter.ThrowForNonSuccess(Task task)
   at System.Runtime.CompilerServices.TaskAwaiter.HandleNonSuccessAndDebuggerNotification(Task task, ConfigureAwaitOptions options)
   at System.Runtime.ExceptionServices.ExceptionDispatchInfo.Throw()
   at System.Runtime.CompilerServices.TaskAwaiter.ThrowForNonSuccess(Task task)
   at System.Runtime.CompilerServices.TaskAwaiter.HandleNonSuccessAndDebuggerNotification(Task task, ConfigureAwaitOptions options)</StackTrace>
        </ErrorInfo>
      </Output>
    </UnitTestResult>
    <UnitTestResult executionId="c6768020-32a6-4d81-a999-5d12e30b1784" testId="7aedcfcf-703a-476c-a6ed-9e89f5950e08" testName="WeaveFleet.E2E.Tests.RouteSmokeTests.Route_LoadsWithoutClientErrors_AndRendersMainContent(route: &quot;/pipelines&quot;, expectedHeading: &quot;Pipelines&quot;)" computerName="Pieters-MBP" duration="00:00:00.3520914" startTime="2026-04-20T16:13:00.1758330+02:00" endTime="2026-04-20T16:13:00.5632540+02:00" testType="13cdc9d9-ddb5-4fa4-a97d-d965ccfc6d4b" outcome="Passed" testListId="8c84fa94-04c1-424b-9868-57a2d4851a1d" relativeResultsDirectory="c6768020-32a6-4d81-a999-5d12e30b1784" />
  </Results>
  <TestDefinitions>
    <UnitTest name="WeaveFleet.E2E.Tests.RouteSmokeTests.Route_LoadsWithoutClientErrors_AndRendersMainContent(route: &quot;/templates&quot;, expectedHeading: &quot;Templates&quot;)" storage="/users/pgermishuys/source/weave-fleet-vue-ui/tests/weavefleet.e2e/bin/release/net10.0/weavefleet.e2e.dll" id="1201ee16-5774-211f-ec78-3386cf3cd226">
      <Execution id="e45a106b-e325-453c-941e-ad66b3d5e344" />
      <TestMethod codeBase="/Users/pgermishuys/source/weave-fleet-vue-ui/tests/WeaveFleet.E2E/bin/Release/net10.0/WeaveFleet.E2E.dll" adapterTypeName="executor://xunit/VsTestRunner3/netcore/" className="WeaveFleet.E2E.Tests.RouteSmokeTests" name="Route_LoadsWithoutClientErrors_AndRendersMainContent" />
    </UnitTest>
    <UnitTest name="WeaveFleet.E2E.Tests.RouteSmokeTests.Route_LoadsWithoutClientErrors_AndRendersMainContent(route: &quot;/queue&quot;, expectedHeading: &quot;Task Queue&quot;)" storage="/users/pgermishuys/source/weave-fleet-vue-ui/tests/weavefleet.e2e/bin/release/net10.0/weavefleet.e2e.dll" id="6232bce3-ae38-21e0-7239-97d51bdd6a13">
      <Execution id="bf35939b-6f9c-42e2-81af-9e94e057d44c" />
      <TestMethod codeBase="/Users/pgermishuys/source/weave-fleet-vue-ui/tests/WeaveFleet.E2E/bin/Release/net10.0/WeaveFleet.E2E.dll" adapterTypeName="executor://xunit/VsTestRunner3/netcore/" className="WeaveFleet.E2E.Tests.RouteSmokeTests" name="Route_LoadsWithoutClientErrors_AndRendersMainContent" />
    </UnitTest>
    <UnitTest name="WeaveFleet.E2E.Tests.RouteSmokeTests.Route_LoadsWithoutClientErrors_AndRendersMainContent(route: &quot;/pipelines&quot;, expectedHeading: &quot;Pipelines&quot;)" storage="/users/pgermishuys/source/weave-fleet-vue-ui/tests/weavefleet.e2e/bin/release/net10.0/weavefleet.e2e.dll" id="7aedcfcf-703a-476c-a6ed-9e89f5950e08">
      <Execution id="c6768020-32a6-4d81-a999-5d12e30b1784" />
      <TestMethod codeBase="/Users/pgermishuys/source/weave-fleet-vue-ui/tests/WeaveFleet.E2E/bin/Release/net10.0/WeaveFleet.E2E.dll" adapterTypeName="executor://xunit/VsTestRunner3/netcore/" className="WeaveFleet.E2E.Tests.RouteSmokeTests" name="Route_LoadsWithoutClientErrors_AndRendersMainContent" />
    </UnitTest>
    <UnitTest name="WeaveFleet.E2E.Tests.RouteSmokeTests.Route_LoadsWithoutClientErrors_AndRendersMainContent(route: &quot;/settings&quot;, expectedHeading: &quot;Settings&quot;)" storage="/users/pgermishuys/source/weave-fleet-vue-ui/tests/weavefleet.e2e/bin/release/net10.0/weavefleet.e2e.dll" id="0ed6e3c4-e55d-9f71-ae72-af8941c1efe7">
      <Execution id="8c511de8-f04e-4755-8995-3f14ea07c084" />
      <TestMethod codeBase="/Users/pgermishuys/source/weave-fleet-vue-ui/tests/WeaveFleet.E2E/bin/Release/net10.0/WeaveFleet.E2E.dll" adapterTypeName="executor://xunit/VsTestRunner3/netcore/" className="WeaveFleet.E2E.Tests.RouteSmokeTests" name="Route_LoadsWithoutClientErrors_AndRendersMainContent" />
    </UnitTest>
    <UnitTest name="WeaveFleet.E2E.Tests.RouteSmokeTests.Route_LoadsWithoutClientErrors_AndRendersMainContent(route: &quot;/repositories&quot;, expectedHeading: &quot;Repositories&quot;)" storage="/users/pgermishuys/source/weave-fleet-vue-ui/tests/weavefleet.e2e/bin/release/net10.0/weavefleet.e2e.dll" id="f2d67040-95b9-d722-9ca9-1d4ca3b6e17c">
      <Execution id="6b71fe21-29a7-4eb6-9807-fbf920299f2d" />
      <TestMethod codeBase="/Users/pgermishuys/source/weave-fleet-vue-ui/tests/WeaveFleet.E2E/bin/Release/net10.0/WeaveFleet.E2E.dll" adapterTypeName="executor://xunit/VsTestRunner3/netcore/" className="WeaveFleet.E2E.Tests.RouteSmokeTests" name="Route_LoadsWithoutClientErrors_AndRendersMainContent" />
    </UnitTest>
    <UnitTest name="WeaveFleet.E2E.Tests.RouteSmokeTests.Route_LoadsWithoutClientErrors_AndRendersMainContent(route: &quot;/board&quot;, expectedHeading: &quot;Kanban Board&quot;)" storage="/users/pgermishuys/source/weave-fleet-vue-ui/tests/weavefleet.e2e/bin/release/net10.0/weavefleet.e2e.dll" id="f81f0d4a-37a1-a6d3-1e8b-d82605bdab61">
      <Execution id="f6d8bb9c-74de-4ec5-a885-6b939910ede3" />
      <TestMethod codeBase="/Users/pgermishuys/source/weave-fleet-vue-ui/tests/WeaveFleet.E2E/bin/Release/net10.0/WeaveFleet.E2E.dll" adapterTypeName="executor://xunit/VsTestRunner3/netcore/" className="WeaveFleet.E2E.Tests.RouteSmokeTests" name="Route_LoadsWithoutClientErrors_AndRendersMainContent" />
    </UnitTest>
  </TestDefinitions>
  <TestEntries>
    <TestEntry testId="f2d67040-95b9-d722-9ca9-1d4ca3b6e17c" executionId="6b71fe21-29a7-4eb6-9807-fbf920299f2d" testListId="8c84fa94-04c1-424b-9868-57a2d4851a1d" />
    <TestEntry testId="1201ee16-5774-211f-ec78-3386cf3cd226" executionId="e45a106b-e325-453c-941e-ad66b3d5e344" testListId="8c84fa94-04c1-424b-9868-57a2d4851a1d" />
    <TestEntry testId="f81f0d4a-37a1-a6d3-1e8b-d82605bdab61" executionId="f6d8bb9c-74de-4ec5-a885-6b939910ede3" testListId="8c84fa94-04c1-424b-9868-57a2d4851a1d" />
    <TestEntry testId="6232bce3-ae38-21e0-7239-97d51bdd6a13" executionId="bf35939b-6f9c-42e2-81af-9e94e057d44c" testListId="8c84fa94-04c1-424b-9868-57a2d4851a1d" />
    <TestEntry testId="0ed6e3c4-e55d-9f71-ae72-af8941c1efe7" executionId="8c511de8-f04e-4755-8995-3f14ea07c084" testListId="8c84fa94-04c1-424b-9868-57a2d4851a1d" />
    <TestEntry testId="7aedcfcf-703a-476c-a6ed-9e89f5950e08" executionId="c6768020-32a6-4d81-a999-5d12e30b1784" testListId="8c84fa94-04c1-424b-9868-57a2d4851a1d" />
  </TestEntries>
  <TestLists>
    <TestList name="Results Not in a List" id="8c84fa94-04c1-424b-9868-57a2d4851a1d" />
    <TestList name="All Loaded Results" id="19431567-8539-422a-85d7-44ee4e166bda" />
  </TestLists>
  <ResultSummary outcome="Failed">
    <Counters total="6" executed="6" passed="5" failed="1" error="0" timeout="0" aborted="0" inconclusive="0" passedButRunAborted="0" notRunnable="0" notExecuted="0" disconnected="0" warning="0" completed="0" inProgress="0" pending="0" />
    <Output>
      <StdOut>[xUnit.net 00:00:00.00] xUnit.net VSTest Adapter v3.1.4+50e68bbb8b (64-bit .NET 10.0.5)
[xUnit.net 00:00:00.04]   Discovering: WeaveFleet.E2E
[xUnit.net 00:00:00.06]   Discovered:  WeaveFleet.E2E
[xUnit.net 00:00:00.08]   Starting:    WeaveFleet.E2E
info: WeaveFleet.Infrastructure.Data.MigrationRunner[1318047351]
      Applying migration: 001_initial_schema.sql
info: WeaveFleet.Infrastructure.Data.MigrationRunner[842115984]
      Migration applied successfully: 001_initial_schema.sql
info: WeaveFleet.Infrastructure.Data.MigrationRunner[1318047351]
      Applying migration: 002_add_messages_table.sql
info: WeaveFleet.Infrastructure.Data.MigrationRunner[842115984]
      Migration applied successfully: 002_add_messages_table.sql
info: WeaveFleet.Infrastructure.Data.MigrationRunner[1318047351]
      Applying migration: 003_add_harness_type.sql
info: WeaveFleet.Infrastructure.Data.MigrationRunner[842115984]
      Migration applied successfully: 003_add_harness_type.sql
info: WeaveFleet.Infrastructure.Data.MigrationRunner[1318047351]
      Applying migration: 004_add_harness_resume_token.sql
info: WeaveFleet.Infrastructure.Data.MigrationRunner[842115984]
      Migration applied successfully: 004_add_harness_resume_token.sql
info: WeaveFleet.Infrastructure.Data.MigrationRunner[1318047351]
      Applying migration: 005_add_message_agent.sql
info: WeaveFleet.Infrastructure.Data.MigrationRunner[842115984]
      Migration applied successfully: 005_add_message_agent.sql
info: WeaveFleet.Infrastructure.Data.MigrationRunner[1318047351]
      Applying migration: 006_add_delegations_table.sql
info: WeaveFleet.Infrastructure.Data.MigrationRunner[842115984]
      Migration applied successfully: 006_add_delegations_table.sql
info: WeaveFleet.Infrastructure.Data.MigrationRunner[1318047351]
      Applying migration: 007_add_sessions_hidden_flag.sql
info: WeaveFleet.Infrastructure.Data.MigrationRunner[842115984]
      Migration applied successfully: 007_add_sessions_hidden_flag.sql
info: WeaveFleet.Infrastructure.Data.MigrationRunner[1318047351]
      Applying migration: 008_add_session_retention_status.sql
info: WeaveFleet.Infrastructure.Data.MigrationRunner[842115984]
      Migration applied successfully: 008_add_session_retention_status.sql
info: WeaveFleet.Infrastructure.Data.MigrationRunner[1318047351]
      Applying migration: 009_add_session_source_metadata.sql
info: WeaveFleet.Infrastructure.Data.MigrationRunner[842115984]
      Migration applied successfully: 009_add_session_source_metadata.sql
info: WeaveFleet.Infrastructure.Data.MigrationRunner[1318047351]
      Applying migration: 010_add_users_table.sql
info: WeaveFleet.Infrastructure.Data.MigrationRunner[842115984]
      Migration applied successfully: 010_add_users_table.sql
info: WeaveFleet.Infrastructure.Data.MigrationRunner[1318047351]
      Applying migration: 011_add_user_id_columns.sql
info: WeaveFleet.Infrastructure.Data.MigrationRunner[842115984]
      Migration applied successfully: 011_add_user_id_columns.sql
info: WeaveFleet.Infrastructure.Data.MigrationRunner[1318047351]
      Applying migration: 012_add_user_credentials.sql
info: WeaveFleet.Infrastructure.Data.MigrationRunner[842115984]
      Migration applied successfully: 012_add_user_credentials.sql
info: WeaveFleet.Infrastructure.Data.MigrationRunner[1318047351]
      Applying migration: 013_add_outbox_table.sql
info: WeaveFleet.Infrastructure.Data.MigrationRunner[842115984]
      Migration applied successfully: 013_add_outbox_table.sql
info: WeaveFleet.Infrastructure.Data.MigrationRunner[1318047351]
      Applying migration: 014_add_message_model_id.sql
info: WeaveFleet.Infrastructure.Data.MigrationRunner[842115984]
      Migration applied successfully: 014_add_message_model_id.sql
info: WeaveFleet.Infrastructure.Data.MigrationRunner[1318047351]
      Applying migration: 001_analytics_initial.sql
info: WeaveFleet.Infrastructure.Data.MigrationRunner[842115984]
      Migration applied successfully: 001_analytics_initial.sql
info: WeaveFleet.Infrastructure.Data.MigrationRunner[1318047351]
      Applying migration: 002_token_events_upsert.sql
info: WeaveFleet.Infrastructure.Data.MigrationRunner[842115984]
      Migration applied successfully: 002_token_events_upsert.sql
info: WeaveFleet.Infrastructure.Data.MigrationRunner[1318047351]
      Applying migration: 003_add_user_id.sql
info: WeaveFleet.Infrastructure.Data.MigrationRunner[842115984]
      Migration applied successfully: 003_add_user_id.sql
dbug: Microsoft.Extensions.Hosting.Internal.Host[1]
      Hosting starting
info: Microsoft.AspNetCore.DataProtection.KeyManagement.XmlKeyManager[62]
      User profile is available. Using '/Users/pgermishuys/.aspnet/DataProtection-Keys' as key repository; keys will not be encrypted at rest.
info: WeaveFleet.Infrastructure.Nats.NatsServerHostedService[1]
      Embedded nats-server launched at nats://127.0.0.1:54401
info: WeaveFleet.Infrastructure.Nats.NatsStreamInitializer[1]
      JetStream stream fleet-sessions ready.
info: WeaveFleet.Infrastructure.Nats.NatsStreamInitializer[2]
      JetStream durable consumer fleet-sessions-message-persistence ready.
info: WeaveFleet.Infrastructure.Services.OutboxCleanupBackgroundService[1929458206]
      Outbox cleanup background service started.
info: WeaveFleet.Infrastructure.Services.OutboxDispatchBackgroundService[1929458206]
      Outbox dispatch background service started.
info: WeaveFleet.Infrastructure.Analytics.AnalyticsWriterService[1929458206]
      AnalyticsWriterService started (flushInterval=00:00:02, maxBatch=50)
info: WeaveFleet.Infrastructure.Analytics.AnalyticsRollupService[1929458206]
      AnalyticsRollupService started (interval=00:05:00)
dbug: WeaveFleet.Infrastructure.Analytics.AnalyticsRollupService[127633960]
      Daily rollups recomputed for 2026-04-20 and 2026-04-19
info: Microsoft.Hosting.Lifetime[14]
      Now listening on: http://127.0.0.1:54405
info: Microsoft.Hosting.Lifetime[0]
      Application started. Press Ctrl+C to shut down.
info: Microsoft.Hosting.Lifetime[0]
      Hosting environment: Development
info: Microsoft.Hosting.Lifetime[0]
      Content root path: /Users/pgermishuys/source/weave-fleet-vue-ui/src/WeaveFleet.Api
dbug: Microsoft.Extensions.Hosting.Internal.Host[2]
      Hosting started
info: Microsoft.AspNetCore.Hosting.Diagnostics[1]
      Request starting HTTP/1.1 GET http://127.0.0.1:54405/repositories - - -
info: Microsoft.AspNetCore.Routing.EndpointMiddleware[0]
      Executing endpoint 'Fallback {*path:nonfile}'
info: Microsoft.AspNetCore.StaticFiles.StaticFileMiddleware[2]
      Sending file. Request path: '/index.html'. Physical path: '/Users/pgermishuys/source/weave-fleet-vue-ui/src/WeaveFleet.Api/wwwroot/index.html'
info: Microsoft.AspNetCore.Routing.EndpointMiddleware[1]
      Executed endpoint 'Fallback {*path:nonfile}'
info: Microsoft.AspNetCore.Hosting.Diagnostics[2]
      Request finished HTTP/1.1 GET http://127.0.0.1:54405/index.html - 200 3129 text/html 79.1009ms
info: Microsoft.AspNetCore.Hosting.Diagnostics[1]
      Request starting HTTP/1.1 GET http://127.0.0.1:54405/assets/_plugin-vue_export-helper-DSrzDOgY.js - - -
info: Microsoft.AspNetCore.Hosting.Diagnostics[1]
      Request starting HTTP/1.1 GET http://127.0.0.1:54405/assets/index-C1w8eJ01.js - - -
info: Microsoft.AspNetCore.Hosting.Diagnostics[1]
      Request starting HTTP/1.1 GET http://127.0.0.1:54405/assets/vue.runtime.esm-bundler-DyW0qBVq.js - - -
info: Microsoft.AspNetCore.Hosting.Diagnostics[1]
      Request starting HTTP/1.1 GET http://127.0.0.1:54405/assets/useRouter-CNXey00X.js - - -
info: Microsoft.AspNetCore.Hosting.Diagnostics[1]
      Request starting HTTP/1.1 GET http://127.0.0.1:54405/assets/esm--ohhNyhN.js - - -
info: Microsoft.AspNetCore.Hosting.Diagnostics[1]
      Request starting HTTP/1.1 GET http://127.0.0.1:54405/assets/preload-helper-BlkOsHn6.js - - -
info: Microsoft.AspNetCore.Cors.Infrastructure.CorsService[5]
      CORS policy execution failed.
info: Microsoft.AspNetCore.Cors.Infrastructure.CorsService[5]
      CORS policy execution failed.
info: Microsoft.AspNetCore.Cors.Infrastructure.CorsService[5]
      CORS policy execution failed.
info: Microsoft.AspNetCore.Cors.Infrastructure.CorsService[5]
      CORS policy execution failed.
info: Microsoft.AspNetCore.Cors.Infrastructure.CorsService[5]
      CORS policy execution failed.
info: Microsoft.AspNetCore.Cors.Infrastructure.CorsService[5]
      CORS policy execution failed.
info: Microsoft.AspNetCore.Cors.Infrastructure.CorsService[6]
      Request origin http://127.0.0.1:54405 does not have permission to access the resource.
info: Microsoft.AspNetCore.Cors.Infrastructure.CorsService[6]
      Request origin http://127.0.0.1:54405 does not have permission to access the resource.
info: Microsoft.AspNetCore.Cors.Infrastructure.CorsService[6]
      Request origin http://127.0.0.1:54405 does not have permission to access the resource.
info: Microsoft.AspNetCore.Cors.Infrastructure.CorsService[6]
      Request origin http://127.0.0.1:54405 does not have permission to access the resource.
info: Microsoft.AspNetCore.Cors.Infrastructure.CorsService[6]
      Request origin http://127.0.0.1:54405 does not have permission to access the resource.
info: Microsoft.AspNetCore.Cors.Infrastructure.CorsService[6]
      Request origin http://127.0.0.1:54405 does not have permission to access the resource.
info: Microsoft.AspNetCore.StaticFiles.StaticFileMiddleware[2]
      Sending file. Request path: '/assets/useRouter-CNXey00X.js'. Physical path: '/Users/pgermishuys/source/weave-fleet-vue-ui/src/WeaveFleet.Api/wwwroot/assets/useRouter-CNXey00X.js'
info: Microsoft.AspNetCore.StaticFiles.StaticFileMiddleware[2]
      Sending file. Request path: '/assets/esm--ohhNyhN.js'. Physical path: '/Users/pgermishuys/source/weave-fleet-vue-ui/src/WeaveFleet.Api/wwwroot/assets/esm--ohhNyhN.js'
info: Microsoft.AspNetCore.StaticFiles.StaticFileMiddleware[2]
      Sending file. Request path: '/assets/_plugin-vue_export-helper-DSrzDOgY.js'. Physical path: '/Users/pgermishuys/source/weave-fleet-vue-ui/src/WeaveFleet.Api/wwwroot/assets/_plugin-vue_export-helper-DSrzDOgY.js'
info: Microsoft.AspNetCore.Hosting.Diagnostics[2]
      Request finished HTTP/1.1 GET http://127.0.0.1:54405/assets/useRouter-CNXey00X.js - 200 170 text/javascript 5.5962ms
info: Microsoft.AspNetCore.Hosting.Diagnostics[2]
      Request finished HTTP/1.1 GET http://127.0.0.1:54405/assets/_plugin-vue_export-helper-DSrzDOgY.js - 200 84 text/javascript 5.9329ms
info: Microsoft.AspNetCore.Hosting.Diagnostics[2]
      Request finished HTTP/1.1 GET http://127.0.0.1:54405/assets/esm--ohhNyhN.js - 200 908 text/javascript 5.4499ms
info: Microsoft.AspNetCore.Hosting.Diagnostics[1]
      Request starting HTTP/1.1 GET http://127.0.0.1:54405/assets/utils-Balx9kFQ.js - - -
info: Microsoft.AspNetCore.Hosting.Diagnostics[1]
      Request starting HTTP/1.1 GET http://127.0.0.1:54405/assets/dist-CKTRIdlW.js - - -
info: Microsoft.AspNetCore.Hosting.Diagnostics[1]
      Request starting HTTP/1.1 GET http://127.0.0.1:54405/assets/index-eH342-PQ.css - - -
info: Microsoft.AspNetCore.StaticFiles.StaticFileMiddleware[2]
      Sending file. Request path: '/assets/preload-helper-BlkOsHn6.js'. Physical path: '/Users/pgermishuys/source/weave-fleet-vue-ui/src/WeaveFleet.Api/wwwroot/assets/preload-helper-BlkOsHn6.js'
info: Microsoft.AspNetCore.StaticFiles.StaticFileMiddleware[2]
      Sending file. Request path: '/assets/vue.runtime.esm-bundler-DyW0qBVq.js'. Physical path: '/Users/pgermishuys/source/weave-fleet-vue-ui/src/WeaveFleet.Api/wwwroot/assets/vue.runtime.esm-bundler-DyW0qBVq.js'
info: Microsoft.AspNetCore.Hosting.Diagnostics[2]
      Request finished HTTP/1.1 GET http://127.0.0.1:54405/assets/vue.runtime.esm-bundler-DyW0qBVq.js - 200 110000 text/javascript 6.1381ms
info: Microsoft.AspNetCore.Hosting.Diagnostics[2]
      Request finished HTTP/1.1 GET http://127.0.0.1:54405/assets/preload-helper-BlkOsHn6.js - 200 79680 text/javascript 5.5425ms
info: Microsoft.AspNetCore.StaticFiles.StaticFileMiddleware[2]
      Sending file. Request path: '/assets/index-C1w8eJ01.js'. Physical path: '/Users/pgermishuys/source/weave-fleet-vue-ui/src/WeaveFleet.Api/wwwroot/assets/index-C1w8eJ01.js'
info: Microsoft.AspNetCore.Hosting.Diagnostics[2]
      Request finished HTTP/1.1 GET http://127.0.0.1:54405/assets/index-C1w8eJ01.js - 200 245321 text/javascript 6.6865ms
info: Microsoft.AspNetCore.Cors.Infrastructure.CorsService[5]
      CORS policy execution failed.
info: Microsoft.AspNetCore.Cors.Infrastructure.CorsService[5]
      CORS policy execution failed.
info: Microsoft.AspNetCore.Cors.Infrastructure.CorsService[6]
      Request origin http://127.0.0.1:54405 does not have permission to access the resource.
info: Microsoft.AspNetCore.Cors.Infrastructure.CorsService[6]
      Request origin http://127.0.0.1:54405 does not have permission to access the resource.
info: Microsoft.AspNetCore.Cors.Infrastructure.CorsService[5]
      CORS policy execution failed.
info: Microsoft.AspNetCore.Cors.Infrastructure.CorsService[6]
      Request origin http://127.0.0.1:54405 does not have permission to access the resource.
info: Microsoft.AspNetCore.StaticFiles.StaticFileMiddleware[2]
      Sending file. Request path: '/assets/utils-Balx9kFQ.js'. Physical path: '/Users/pgermishuys/source/weave-fleet-vue-ui/src/WeaveFleet.Api/wwwroot/assets/utils-Balx9kFQ.js'
info: Microsoft.AspNetCore.Hosting.Diagnostics[2]
      Request finished HTTP/1.1 GET http://127.0.0.1:54405/assets/utils-Balx9kFQ.js - 200 26412 text/javascript 0.8391ms
info: Microsoft.AspNetCore.Hosting.Diagnostics[1]
      Request starting HTTP/1.1 GET http://127.0.0.1:54405/assets/PopperContent-UEpyWulk.js - - -
info: Microsoft.AspNetCore.StaticFiles.StaticFileMiddleware[2]
      Sending file. Request path: '/assets/dist-CKTRIdlW.js'. Physical path: '/Users/pgermishuys/source/weave-fleet-vue-ui/src/WeaveFleet.Api/wwwroot/assets/dist-CKTRIdlW.js'
info: Microsoft.AspNetCore.Hosting.Diagnostics[2]
      Request finished HTTP/1.1 GET http://127.0.0.1:54405/assets/dist-CKTRIdlW.js - 200 6173 text/javascript 0.9057ms
info: Microsoft.AspNetCore.Cors.Infrastructure.CorsService[5]
      CORS policy execution failed.
info: Microsoft.AspNetCore.Cors.Infrastructure.CorsService[6]
      Request origin http://127.0.0.1:54405 does not have permission to access the resource.
info: Microsoft.AspNetCore.Hosting.Diagnostics[1]
      Request starting HTTP/1.1 GET http://127.0.0.1:54405/assets/createLucideIcon-B9Iyit6S.js - - -
info: Microsoft.AspNetCore.StaticFiles.StaticFileMiddleware[2]
      Sending file. Request path: '/assets/index-eH342-PQ.css'. Physical path: '/Users/pgermishuys/source/weave-fleet-vue-ui/src/WeaveFleet.Api/wwwroot/assets/index-eH342-PQ.css'
info: Microsoft.AspNetCore.Hosting.Diagnostics[1]
      Request starting HTTP/1.1 GET http://127.0.0.1:54405/assets/dist-ChHwotgI.js - - -
info: Microsoft.AspNetCore.Hosting.Diagnostics[2]
      Request finished HTTP/1.1 GET http://127.0.0.1:54405/assets/index-eH342-PQ.css - 200 96536 text/css 0.9532ms
info: Microsoft.AspNetCore.Cors.Infrastructure.CorsService[5]
      CORS policy execution failed.
info: Microsoft.AspNetCore.Cors.Infrastructure.CorsService[5]
      CORS policy execution failed.
info: Microsoft.AspNetCore.Cors.Infrastructure.CorsService[6]
      Request origin http://127.0.0.1:54405 does not have permission to access the resource.
info: Microsoft.AspNetCore.Cors.Infrastructure.CorsService[6]
      Request origin http://127.0.0.1:54405 does not have permission to access the resource.
info: Microsoft.AspNetCore.StaticFiles.StaticFileMiddleware[2]
      Sending file. Request path: '/assets/PopperContent-UEpyWulk.js'. Physical path: '/Users/pgermishuys/source/weave-fleet-vue-ui/src/WeaveFleet.Api/wwwroot/assets/PopperContent-UEpyWulk.js'
info: Microsoft.AspNetCore.Hosting.Diagnostics[2]
      Request finished HTTP/1.1 GET http://127.0.0.1:54405/assets/PopperContent-UEpyWulk.js - 200 46720 text/javascript 0.2562ms
info: Microsoft.AspNetCore.StaticFiles.StaticFileMiddleware[2]
      Sending file. Request path: '/assets/dist-ChHwotgI.js'. Physical path: '/Users/pgermishuys/source/weave-fleet-vue-ui/src/WeaveFleet.Api/wwwroot/assets/dist-ChHwotgI.js'
info: Microsoft.AspNetCore.Hosting.Diagnostics[2]
      Request finished HTTP/1.1 GET http://127.0.0.1:54405/assets/dist-ChHwotgI.js - 200 1458 text/javascript 0.4931ms
info: Microsoft.AspNetCore.StaticFiles.StaticFileMiddleware[2]
      Sending file. Request path: '/assets/createLucideIcon-B9Iyit6S.js'. Physical path: '/Users/pgermishuys/source/weave-fleet-vue-ui/src/WeaveFleet.Api/wwwroot/assets/createLucideIcon-B9Iyit6S.js'
info: Microsoft.AspNetCore.Hosting.Diagnostics[2]
      Request finished HTTP/1.1 GET http://127.0.0.1:54405/assets/createLucideIcon-B9Iyit6S.js - 200 1213 text/javascript 0.5362ms
info: Microsoft.AspNetCore.Hosting.Diagnostics[1]
      Request starting HTTP/1.1 GET http://127.0.0.1:54405/assets/pinia-vGxpGMPS.js - - -
info: Microsoft.AspNetCore.Hosting.Diagnostics[1]
      Request starting HTTP/1.1 GET http://127.0.0.1:54405/assets/badge-SCBYGjZ5.js - - -
info: Microsoft.AspNetCore.Hosting.Diagnostics[1]
      Request starting HTTP/1.1 GET http://127.0.0.1:54405/assets/SelectValue-BD8Llx-a.js - - -
info: Microsoft.AspNetCore.Cors.Infrastructure.CorsService[5]
      CORS policy execution failed.
info: Microsoft.AspNetCore.Cors.Infrastructure.CorsService[5]
      CORS policy execution failed.
info: Microsoft.AspNetCore.Cors.Infrastructure.CorsService[6]
      Request origin http://127.0.0.1:54405 does not have permission to access the resource.
info: Microsoft.AspNetCore.Cors.Infrastructure.CorsService[6]
      Request origin http://127.0.0.1:54405 does not have permission to access the resource.
info: Microsoft.AspNetCore.Cors.Infrastructure.CorsService[5]
      CORS policy execution failed.
info: Microsoft.AspNetCore.Hosting.Diagnostics[1]
      Request starting HTTP/1.1 GET http://127.0.0.1:54405/assets/trash-2-7QwTnTU7.js - - -
info: Microsoft.AspNetCore.Hosting.Diagnostics[1]
      Request starting HTTP/1.1 GET http://127.0.0.1:54405/assets/composable-Cf8bJYxr.js - - -
info: Microsoft.AspNetCore.Cors.Infrastructure.CorsService[6]
      Request origin http://127.0.0.1:54405 does not have permission to access the resource.
info: Microsoft.AspNetCore.Cors.Infrastructure.CorsService[5]
      CORS policy execution failed.
info: Microsoft.AspNetCore.Cors.Infrastructure.CorsService[5]
      CORS policy execution failed.
info: Microsoft.AspNetCore.Hosting.Diagnostics[1]
      Request starting HTTP/1.1 GET http://127.0.0.1:54405/assets/api-client-CjiK8JSM.js - - -
info: Microsoft.AspNetCore.Cors.Infrastructure.CorsService[6]
      Request origin http://127.0.0.1:54405 does not have permission to access the resource.
info: Microsoft.AspNetCore.Cors.Infrastructure.CorsService[6]
      Request origin http://127.0.0.1:54405 does not have permission to access the resource.
info: Microsoft.AspNetCore.Cors.Infrastructure.CorsService[5]
      CORS policy execution failed.
info: Microsoft.AspNetCore.Cors.Infrastructure.CorsService[6]
      Request origin http://127.0.0.1:54405 does not have permission to access the resource.
info: Microsoft.AspNetCore.StaticFiles.StaticFileMiddleware[2]
      Sending file. Request path: '/assets/pinia-vGxpGMPS.js'. Physical path: '/Users/pgermishuys/source/weave-fleet-vue-ui/src/WeaveFleet.Api/wwwroot/assets/pinia-vGxpGMPS.js'
info: Microsoft.AspNetCore.StaticFiles.StaticFileMiddleware[2]
      Sending file. Request path: '/assets/badge-SCBYGjZ5.js'. Physical path: '/Users/pgermishuys/source/weave-fleet-vue-ui/src/WeaveFleet.Api/wwwroot/assets/badge-SCBYGjZ5.js'
info: Microsoft.AspNetCore.StaticFiles.StaticFileMiddleware[2]
      Sending file. Request path: '/assets/SelectValue-BD8Llx-a.js'. Physical path: '/Users/pgermishuys/source/weave-fleet-vue-ui/src/WeaveFleet.Api/wwwroot/assets/SelectValue-BD8Llx-a.js'
info: Microsoft.AspNetCore.Hosting.Diagnostics[2]
      Request finished HTTP/1.1 GET http://127.0.0.1:54405/assets/badge-SCBYGjZ5.js - 200 5536 text/javascript 0.2718ms
info: Microsoft.AspNetCore.Hosting.Diagnostics[2]
      Request finished HTTP/1.1 GET http://127.0.0.1:54405/assets/pinia-vGxpGMPS.js - 200 6182 text/javascript 0.2730ms
info: Microsoft.AspNetCore.Hosting.Diagnostics[2]
      Request finished HTTP/1.1 GET http://127.0.0.1:54405/assets/SelectValue-BD8Llx-a.js - 200 35909 text/javascript 0.2522ms
info: Microsoft.AspNetCore.StaticFiles.StaticFileMiddleware[2]
      Sending file. Request path: '/assets/api-client-CjiK8JSM.js'. Physical path: '/Users/pgermishuys/source/weave-fleet-vue-ui/src/WeaveFleet.Api/wwwroot/assets/api-client-CjiK8JSM.js'
info: Microsoft.AspNetCore.Hosting.Diagnostics[2]
      Request finished HTTP/1.1 GET http://127.0.0.1:54405/assets/api-client-CjiK8JSM.js - 200 873 text/javascript 0.2666ms
info: Microsoft.AspNetCore.StaticFiles.StaticFileMiddleware[2]
      Sending file. Request path: '/assets/trash-2-7QwTnTU7.js'. Physical path: '/Users/pgermishuys/source/weave-fleet-vue-ui/src/WeaveFleet.Api/wwwroot/assets/trash-2-7QwTnTU7.js'
info: Microsoft.AspNetCore.Hosting.Diagnostics[2]
      Request finished HTTP/1.1 GET http://127.0.0.1:54405/assets/trash-2-7QwTnTU7.js - 200 489 text/javascript 0.3801ms
info: Microsoft.AspNetCore.StaticFiles.StaticFileMiddleware[2]
      Sending file. Request path: '/assets/composable-Cf8bJYxr.js'. Physical path: '/Users/pgermishuys/source/weave-fleet-vue-ui/src/WeaveFleet.Api/wwwroot/assets/composable-Cf8bJYxr.js'
info: Microsoft.AspNetCore.Hosting.Diagnostics[2]
      Request finished HTTP/1.1 GET http://127.0.0.1:54405/assets/composable-Cf8bJYxr.js - 200 1892 text/javascript 0.4371ms
info: Microsoft.AspNetCore.Hosting.Diagnostics[1]
      Request starting HTTP/1.1 GET http://127.0.0.1:54405/assets/theme-Cln1tBio.js - - -
info: Microsoft.AspNetCore.Hosting.Diagnostics[1]
      Request starting HTTP/1.1 GET http://127.0.0.1:54405/assets/loader-circle-dxLegKW2.js - - -
info: Microsoft.AspNetCore.Hosting.Diagnostics[1]
      Request starting HTTP/1.1 GET http://127.0.0.1:54405/assets/play-DL4k3ibe.js - - -
info: Microsoft.AspNetCore.Hosting.Diagnostics[1]
      Request starting HTTP/1.1 GET http://127.0.0.1:54405/assets/folder-git-2-Bway9TRl.js - - -
info: Microsoft.AspNetCore.Cors.Infrastructure.CorsService[5]
      CORS policy execution failed.
info: Microsoft.AspNetCore.Cors.Infrastructure.CorsService[5]
      CORS policy execution failed.
info: Microsoft.AspNetCore.Cors.Infrastructure.CorsService[5]
      CORS policy execution failed.
info: Microsoft.AspNetCore.Cors.Infrastructure.CorsService[5]
      CORS policy execution failed.
info: Microsoft.AspNetCore.Cors.Infrastructure.CorsService[6]
      Request origin http://127.0.0.1:54405 does not have permission to access the resource.
info: Microsoft.AspNetCore.Cors.Infrastructure.CorsService[6]
      Request origin http://127.0.0.1:54405 does not have permission to access the resource.
info: Microsoft.AspNetCore.Cors.Infrastructure.CorsService[6]
      Request origin http://127.0.0.1:54405 does not have permission to access the resource.
info: Microsoft.AspNetCore.Cors.Infrastructure.CorsService[6]
      Request origin http://127.0.0.1:54405 does not have permission to access the resource.
info: Microsoft.AspNetCore.Hosting.Diagnostics[1]
      Request starting HTTP/1.1 GET http://127.0.0.1:54405/assets/plug-zap-C-Q2-kq4.js - - -
info: Microsoft.AspNetCore.Hosting.Diagnostics[1]
      Request starting HTTP/1.1 GET http://127.0.0.1:54405/assets/message-square-CemfTAnn.js - - -
info: Microsoft.AspNetCore.Cors.Infrastructure.CorsService[5]
      CORS policy execution failed.
info: Microsoft.AspNetCore.Cors.Infrastructure.CorsService[6]
      Request origin http://127.0.0.1:54405 does not have permission to access the resource.
info: Microsoft.AspNetCore.Cors.Infrastructure.CorsService[5]
      CORS policy execution failed.
info: Microsoft.AspNetCore.Cors.Infrastructure.CorsService[6]
      Request origin http://127.0.0.1:54405 does not have permission to access the resource.
info: Microsoft.AspNetCore.StaticFiles.StaticFileMiddleware[2]
      Sending file. Request path: '/assets/play-DL4k3ibe.js'. Physical path: '/Users/pgermishuys/source/weave-fleet-vue-ui/src/WeaveFleet.Api/wwwroot/assets/play-DL4k3ibe.js'
info: Microsoft.AspNetCore.Hosting.Diagnostics[2]
      Request finished HTTP/1.1 GET http://127.0.0.1:54405/assets/play-DL4k3ibe.js - 200 190 text/javascript 0.2958ms
info: Microsoft.AspNetCore.StaticFiles.StaticFileMiddleware[2]
      Sending file. Request path: '/assets/plug-zap-C-Q2-kq4.js'. Physical path: '/Users/pgermishuys/source/weave-fleet-vue-ui/src/WeaveFleet.Api/wwwroot/assets/plug-zap-C-Q2-kq4.js'
info: Microsoft.AspNetCore.StaticFiles.StaticFileMiddleware[2]
      Sending file. Request path: '/assets/loader-circle-dxLegKW2.js'. Physical path: '/Users/pgermishuys/source/weave-fleet-vue-ui/src/WeaveFleet.Api/wwwroot/assets/loader-circle-dxLegKW2.js'
info: Microsoft.AspNetCore.Hosting.Diagnostics[2]
      Request finished HTTP/1.1 GET http://127.0.0.1:54405/assets/loader-circle-dxLegKW2.js - 200 144 text/javascript 0.3477ms
info: Microsoft.AspNetCore.StaticFiles.StaticFileMiddleware[2]
      Sending file. Request path: '/assets/folder-git-2-Bway9TRl.js'. Physical path: '/Users/pgermishuys/source/weave-fleet-vue-ui/src/WeaveFleet.Api/wwwroot/assets/folder-git-2-Bway9TRl.js'
info: Microsoft.AspNetCore.StaticFiles.StaticFileMiddleware[2]
      Sending file. Request path: '/assets/theme-Cln1tBio.js'. Physical path: '/Users/pgermishuys/source/weave-fleet-vue-ui/src/WeaveFleet.Api/wwwroot/assets/theme-Cln1tBio.js'
info: Microsoft.AspNetCore.Hosting.Diagnostics[2]
      Request finished HTTP/1.1 GET http://127.0.0.1:54405/assets/plug-zap-C-Q2-kq4.js - 200 353 text/javascript 0.2116ms
info: Microsoft.AspNetCore.Hosting.Diagnostics[2]
      Request finished HTTP/1.1 GET http://127.0.0.1:54405/assets/folder-git-2-Bway9TRl.js - 200 365 text/javascript 0.3981ms
info: Microsoft.AspNetCore.StaticFiles.StaticFileMiddleware[2]
      Sending file. Request path: '/assets/message-square-CemfTAnn.js'. Physical path: '/Users/pgermishuys/source/weave-fleet-vue-ui/src/WeaveFleet.Api/wwwroot/assets/message-square-CemfTAnn.js'
info: Microsoft.AspNetCore.Hosting.Diagnostics[2]
      Request finished HTTP/1.1 GET http://127.0.0.1:54405/assets/theme-Cln1tBio.js - 200 2290 text/javascript 0.4806ms
info: Microsoft.AspNetCore.Hosting.Diagnostics[2]
      Request finished HTTP/1.1 GET http://127.0.0.1:54405/assets/message-square-CemfTAnn.js - 200 1357 text/javascript 0.4478ms
info: Microsoft.AspNetCore.Hosting.Diagnostics[1]
      Request starting HTTP/1.1 GET http://127.0.0.1:54405/assets/triangle-alert-D-XeajUm.js - - -
info: Microsoft.AspNetCore.Hosting.Diagnostics[1]
      Request starting HTTP/1.1 GET http://127.0.0.1:54405/assets/refresh-cw-Bu5XPYUX.js - - -
info: Microsoft.AspNetCore.Cors.Infrastructure.CorsService[5]
      CORS policy execution failed.
info: Microsoft.AspNetCore.Hosting.Diagnostics[1]
      Request starting HTTP/1.1 GET http://127.0.0.1:54405/assets/button-DLav1F5p.js - - -
info: Microsoft.AspNetCore.Hosting.Diagnostics[1]
      Request starting HTTP/1.1 GET http://127.0.0.1:54405/assets/use-fleet-summary-BA4t9e0p.js - - -
info: Microsoft.AspNetCore.Cors.Infrastructure.CorsService[6]
      Request origin http://127.0.0.1:54405 does not have permission to access the resource.
info: Microsoft.AspNetCore.Cors.Infrastructure.CorsService[5]
      CORS policy execution failed.
info: Microsoft.AspNetCore.Hosting.Diagnostics[1]
      Request starting HTTP/1.1 GET http://127.0.0.1:54405/assets/weave_logo-BsTIvnRn.js - - -
info: Microsoft.AspNetCore.Cors.Infrastructure.CorsService[6]
      Request origin http://127.0.0.1:54405 does not have permission to access the resource.
info: Microsoft.AspNetCore.Cors.Infrastructure.CorsService[5]
      CORS policy execution failed.
info: Microsoft.AspNetCore.Cors.Infrastructure.CorsService[6]
      Request origin http://127.0.0.1:54405 does not have permission to access the resource.
info: Microsoft.AspNetCore.Cors.Infrastructure.CorsService[5]
      CORS policy execution failed.
info: Microsoft.AspNetCore.Cors.Infrastructure.CorsService[6]
      Request origin http://127.0.0.1:54405 does not have permission to access the resource.
info: Microsoft.AspNetCore.Cors.Infrastructure.CorsService[5]
      CORS policy execution failed.
info: Microsoft.AspNetCore.Cors.Infrastructure.CorsService[6]
      Request origin http://127.0.0.1:54405 does not have permission to access the resource.
info: Microsoft.AspNetCore.Hosting.Diagnostics[1]
      Request starting HTTP/1.1 GET http://127.0.0.1:54405/assets/settings-2-DmqzGImW.js - - -
info: Microsoft.AspNetCore.StaticFiles.StaticFileMiddleware[2]
      Sending file. Request path: '/assets/refresh-cw-Bu5XPYUX.js'. Physical path: '/Users/pgermishuys/source/weave-fleet-vue-ui/src/WeaveFleet.Api/wwwroot/assets/refresh-cw-Bu5XPYUX.js'
info: Microsoft.AspNetCore.StaticFiles.StaticFileMiddleware[2]
      Sending file. Request path: '/assets/triangle-alert-D-XeajUm.js'. Physical path: '/Users/pgermishuys/source/weave-fleet-vue-ui/src/WeaveFleet.Api/wwwroot/assets/triangle-alert-D-XeajUm.js'
info: Microsoft.AspNetCore.StaticFiles.StaticFileMiddleware[2]
      Sending file. Request path: '/assets/button-DLav1F5p.js'. Physical path: '/Users/pgermishuys/source/weave-fleet-vue-ui/src/WeaveFleet.Api/wwwroot/assets/button-DLav1F5p.js'
info: Microsoft.AspNetCore.Hosting.Diagnostics[2]
      Request finished HTTP/1.1 GET http://127.0.0.1:54405/assets/triangle-alert-D-XeajUm.js - 200 265 text/javascript 0.2454ms
info: Microsoft.AspNetCore.Hosting.Diagnostics[2]
      Request finished HTTP/1.1 GET http://127.0.0.1:54405/assets/refresh-cw-Bu5XPYUX.js - 200 321 text/javascript 0.2060ms
info: Microsoft.AspNetCore.Cors.Infrastructure.CorsService[5]
      CORS policy execution failed.
info: Microsoft.AspNetCore.Hosting.Diagnostics[2]
      Request finished HTTP/1.1 GET http://127.0.0.1:54405/assets/button-DLav1F5p.js - 200 1951 text/javascript 0.2090ms
info: Microsoft.AspNetCore.Cors.Infrastructure.CorsService[6]
      Request origin http://127.0.0.1:54405 does not have permission to access the resource.
info: Microsoft.AspNetCore.StaticFiles.StaticFileMiddleware[2]
      Sending file. Request path: '/assets/weave_logo-BsTIvnRn.js'. Physical path: '/Users/pgermishuys/source/weave-fleet-vue-ui/src/WeaveFleet.Api/wwwroot/assets/weave_logo-BsTIvnRn.js'
info: Microsoft.AspNetCore.Hosting.Diagnostics[2]
      Request finished HTTP/1.1 GET http://127.0.0.1:54405/assets/weave_logo-BsTIvnRn.js - 200 55 text/javascript 0.2631ms
info: Microsoft.AspNetCore.StaticFiles.StaticFileMiddleware[2]
      Sending file. Request path: '/assets/settings-2-DmqzGImW.js'. Physical path: '/Users/pgermishuys/source/weave-fleet-vue-ui/src/WeaveFleet.Api/wwwroot/assets/settings-2-DmqzGImW.js'
info: Microsoft.AspNetCore.Hosting.Diagnostics[2]
      Request finished HTTP/1.1 GET http://127.0.0.1:54405/assets/settings-2-DmqzGImW.js - 200 252 text/javascript 0.3787ms
info: Microsoft.AspNetCore.StaticFiles.StaticFileMiddleware[2]
      Sending file. Request path: '/assets/use-fleet-summary-BA4t9e0p.js'. Physical path: '/Users/pgermishuys/source/weave-fleet-vue-ui/src/WeaveFleet.Api/wwwroot/assets/use-fleet-summary-BA4t9e0p.js'
info: Microsoft.AspNetCore.Hosting.Diagnostics[2]
      Request finished HTTP/1.1 GET http://127.0.0.1:54405/assets/use-fleet-summary-BA4t9e0p.js - 200 41611 text/javascript 0.5290ms
info: Microsoft.AspNetCore.Hosting.Diagnostics[1]
      Request starting HTTP/1.1 GET http://127.0.0.1:54405/assets/sessions._id-37I7FNAA.js - - -
info: Microsoft.AspNetCore.Cors.Infrastructure.CorsService[5]
      CORS policy execution failed.
info: Microsoft.AspNetCore.Cors.Infrastructure.CorsService[6]
      Request origin http://127.0.0.1:54405 does not have permission to access the resource.
info: Microsoft.AspNetCore.Hosting.Diagnostics[1]
      Request starting HTTP/1.1 GET http://127.0.0.1:54405/assets/sidebar-Byrz3Fte.js - - -
info: Microsoft.AspNetCore.Cors.Infrastructure.CorsService[5]
      CORS policy execution failed.
info: Microsoft.AspNetCore.Cors.Infrastructure.CorsService[6]
      Request origin http://127.0.0.1:54405 does not have permission to access the resource.
info: Microsoft.AspNetCore.Hosting.Diagnostics[1]
      Request starting HTTP/1.1 GET http://127.0.0.1:54405/assets/github._owner._repo.pulls._number-CNnksLnJ.js - - -
info: Microsoft.AspNetCore.Hosting.Diagnostics[1]
      Request starting HTTP/1.1 GET http://127.0.0.1:54405/assets/format-utils-D5-parAU.js - - -
info: Microsoft.AspNetCore.Cors.Infrastructure.CorsService[5]
      CORS policy execution failed.
info: Microsoft.AspNetCore.Cors.Infrastructure.CorsService[6]
      Request origin http://127.0.0.1:54405 does not have permission to access the resource.
info: Microsoft.AspNetCore.Hosting.Diagnostics[1]
      Request starting HTTP/1.1 GET http://127.0.0.1:54405/assets/github._owner._repo.issues._number-CYI8Fp8r.js - - -
info: Microsoft.AspNetCore.Cors.Infrastructure.CorsService[5]
      CORS policy execution failed.
info: Microsoft.AspNetCore.Cors.Infrastructure.CorsService[5]
      CORS policy execution failed.
info: Microsoft.AspNetCore.Cors.Infrastructure.CorsService[6]
      Request origin http://127.0.0.1:54405 does not have permission to access the resource.
info: Microsoft.AspNetCore.Cors.Infrastructure.CorsService[6]
      Request origin http://127.0.0.1:54405 does not have permission to access the resource.
info: Microsoft.AspNetCore.StaticFiles.StaticFileMiddleware[2]
      Sending file. Request path: '/assets/sidebar-Byrz3Fte.js'. Physical path: '/Users/pgermishuys/source/weave-fleet-vue-ui/src/WeaveFleet.Api/wwwroot/assets/sidebar-Byrz3Fte.js'
info: Microsoft.AspNetCore.Hosting.Diagnostics[2]
      Request finished HTTP/1.1 GET http://127.0.0.1:54405/assets/sidebar-Byrz3Fte.js - 200 8698 text/javascript 0.1906ms
info: Microsoft.AspNetCore.StaticFiles.StaticFileMiddleware[2]
      Sending file. Request path: '/assets/format-utils-D5-parAU.js'. Physical path: '/Users/pgermishuys/source/weave-fleet-vue-ui/src/WeaveFleet.Api/wwwroot/assets/format-utils-D5-parAU.js'
info: Microsoft.AspNetCore.StaticFiles.StaticFileMiddleware[2]
      Sending file. Request path: '/assets/github._owner._repo.issues._number-CYI8Fp8r.js'. Physical path: '/Users/pgermishuys/source/weave-fleet-vue-ui/src/WeaveFleet.Api/wwwroot/assets/github._owner._repo.issues._number-CYI8Fp8r.js'
info: Microsoft.AspNetCore.StaticFiles.StaticFileMiddleware[2]
      Sending file. Request path: '/assets/github._owner._repo.pulls._number-CNnksLnJ.js'. Physical path: '/Users/pgermishuys/source/weave-fleet-vue-ui/src/WeaveFleet.Api/wwwroot/assets/github._owner._repo.pulls._number-CNnksLnJ.js'
info: Microsoft.AspNetCore.Hosting.Diagnostics[2]
      Request finished HTTP/1.1 GET http://127.0.0.1:54405/assets/github._owner._repo.issues._number-CYI8Fp8r.js - 200 857 text/javascript 0.1827ms
info: Microsoft.AspNetCore.Hosting.Diagnostics[2]
      Request finished HTTP/1.1 GET http://127.0.0.1:54405/assets/github._owner._repo.pulls._number-CNnksLnJ.js - 200 854 text/javascript 0.1856ms
info: Microsoft.AspNetCore.Hosting.Diagnostics[2]
      Request finished HTTP/1.1 GET http://127.0.0.1:54405/assets/format-utils-D5-parAU.js - 200 1250 text/javascript 0.1899ms
info: Microsoft.AspNetCore.StaticFiles.StaticFileMiddleware[2]
      Sending file. Request path: '/assets/sessions._id-37I7FNAA.js'. Physical path: '/Users/pgermishuys/source/weave-fleet-vue-ui/src/WeaveFleet.Api/wwwroot/assets/sessions._id-37I7FNAA.js'
info: Microsoft.AspNetCore.Hosting.Diagnostics[2]
      Request finished HTTP/1.1 GET http://127.0.0.1:54405/assets/sessions._id-37I7FNAA.js - 200 20431 text/javascript 0.3983ms
info: Microsoft.AspNetCore.Hosting.Diagnostics[1]
      Request starting HTTP/1.1 GET http://127.0.0.1:54405/assets/repositories-TrobMSsk.js - - -
info: Microsoft.AspNetCore.Hosting.Diagnostics[1]
      Request starting HTTP/1.1 GET http://127.0.0.1:54405/assets/CardContent-BpyX_oKx.js - - -
info: Microsoft.AspNetCore.Hosting.Diagnostics[1]
      Request starting HTTP/1.1 GET http://127.0.0.1:54405/assets/CardTitle-BsmGtlQN.js - - -
info: Microsoft.AspNetCore.Cors.Infrastructure.CorsService[5]
      CORS policy execution failed.
info: Microsoft.AspNetCore.Cors.Infrastructure.CorsService[5]
      CORS policy execution failed.
info: Microsoft.AspNetCore.Cors.Infrastructure.CorsService[5]
      CORS policy execution failed.
info: Microsoft.AspNetCore.Cors.Infrastructure.CorsService[6]
      Request origin http://127.0.0.1:54405 does not have permission to access the resource.
info: Microsoft.AspNetCore.Cors.Infrastructure.CorsService[6]
      Request origin http://127.0.0.1:54405 does not have permission to access the resource.
info: Microsoft.AspNetCore.Cors.Infrastructure.CorsService[6]
      Request origin http://127.0.0.1:54405 does not have permission to access the resource.
info: Microsoft.AspNetCore.StaticFiles.StaticFileMiddleware[2]
      Sending file. Request path: '/assets/CardContent-BpyX_oKx.js'. Physical path: '/Users/pgermishuys/source/weave-fleet-vue-ui/src/WeaveFleet.Api/wwwroot/assets/CardContent-BpyX_oKx.js'
info: Microsoft.AspNetCore.StaticFiles.StaticFileMiddleware[2]
      Sending file. Request path: '/assets/CardTitle-BsmGtlQN.js'. Physical path: '/Users/pgermishuys/source/weave-fleet-vue-ui/src/WeaveFleet.Api/wwwroot/assets/CardTitle-BsmGtlQN.js'
info: Microsoft.AspNetCore.Hosting.Diagnostics[2]
      Request finished HTTP/1.1 GET http://127.0.0.1:54405/assets/CardContent-BpyX_oKx.js - 200 653 text/javascript 0.3013ms
info: Microsoft.AspNetCore.Hosting.Diagnostics[2]
      Request finished HTTP/1.1 GET http://127.0.0.1:54405/assets/CardTitle-BsmGtlQN.js - 200 756 text/javascript 0.3212ms
info: Microsoft.AspNetCore.StaticFiles.StaticFileMiddleware[2]
      Sending file. Request path: '/assets/repositories-TrobMSsk.js'. Physical path: '/Users/pgermishuys/source/weave-fleet-vue-ui/src/WeaveFleet.Api/wwwroot/assets/repositories-TrobMSsk.js'
info: Microsoft.AspNetCore.Hosting.Diagnostics[2]
      Request finished HTTP/1.1 GET http://127.0.0.1:54405/assets/repositories-TrobMSsk.js - 200 4397 text/javascript 0.4247ms
info: Microsoft.AspNetCore.Hosting.Diagnostics[1]
      Request starting HTTP/1.1 GET http://127.0.0.1:54405/api/sessions?limit=100&amp;offset=0 - - -
info: Microsoft.AspNetCore.Hosting.Diagnostics[1]
      Request starting HTTP/1.1 GET http://127.0.0.1:54405/api/projects - - -
info: Microsoft.AspNetCore.Routing.EndpointMiddleware[0]
      Executing endpoint 'HTTP: GET /api/sessions/'
info: Microsoft.AspNetCore.Routing.EndpointMiddleware[0]
      Executing endpoint 'HTTP: GET /api/projects/'
info: Microsoft.AspNetCore.Hosting.Diagnostics[1]
      Request starting HTTP/1.1 GET http://127.0.0.1:54405/api/harnesses - - -
info: Microsoft.AspNetCore.Routing.EndpointMiddleware[0]
      Executing endpoint 'HTTP: GET /api/harnesses'
info: Microsoft.AspNetCore.Http.Result.OkObjectResult[1]
      Setting HTTP status code 200.
info: Microsoft.AspNetCore.Http.Result.OkObjectResult[1]
      Setting HTTP status code 200.
info: Microsoft.AspNetCore.Http.Result.OkObjectResult[1]
      Setting HTTP status code 200.
info: Microsoft.AspNetCore.Hosting.Diagnostics[1]
      Request starting HTTP/1.1 GET http://127.0.0.1:54405/api/repositories - - -
info: Microsoft.AspNetCore.Hosting.Diagnostics[1]
      Request starting HTTP/1.1 GET http://127.0.0.1:54405/api/plugins - - -
info: Microsoft.AspNetCore.Hosting.Diagnostics[1]
      Request starting HTTP/1.1 GET http://127.0.0.1:54405/api/config/client - - -
info: Microsoft.AspNetCore.Routing.EndpointMiddleware[0]
      Executing endpoint 'HTTP: GET /api/config/client'
info: Microsoft.AspNetCore.Routing.EndpointMiddleware[0]
      Executing endpoint 'HTTP: GET /api/plugins'
info: Microsoft.AspNetCore.Routing.EndpointMiddleware[0]
      Executing endpoint 'HTTP: GET /api/repositories'
info: Microsoft.AspNetCore.Hosting.Diagnostics[1]
      Request starting HTTP/1.1 GET http://127.0.0.1:54405/ws - - -
info: Microsoft.AspNetCore.Cors.Infrastructure.CorsService[5]
      CORS policy execution failed.
info: Microsoft.AspNetCore.Cors.Infrastructure.CorsService[6]
      Request origin http://127.0.0.1:54405 does not have permission to access the resource.
info: Microsoft.AspNetCore.Http.Result.OkObjectResult[1]
      Setting HTTP status code 200.
info: Microsoft.AspNetCore.Routing.EndpointMiddleware[0]
      Executing endpoint '/ws'
info: Microsoft.AspNetCore.Http.Result.OkObjectResult[3]
      Writing value of type 'HarnessInfo[]' as Json.
info: Microsoft.AspNetCore.Http.Result.OkObjectResult[3]
      Writing value of type 'List`1' as Json.
info: Microsoft.AspNetCore.Http.Result.OkObjectResult[3]
      Writing value of type 'List`1' as Json.
info: Microsoft.AspNetCore.Http.Result.OkObjectResult[3]
      Writing value of type 'ClientConfigResponse' as Json.
info: Microsoft.AspNetCore.Routing.EndpointMiddleware[1]
      Executed endpoint 'HTTP: GET /api/sessions/'
info: Microsoft.AspNetCore.Routing.EndpointMiddleware[1]
      Executed endpoint 'HTTP: GET /api/config/client'
info: Microsoft.AspNetCore.Hosting.Diagnostics[2]
      Request finished HTTP/1.1 GET http://127.0.0.1:54405/api/sessions?limit=100&amp;offset=0 - 200 - application/json;+charset=utf-8 10.4775ms
info: Microsoft.AspNetCore.Hosting.Diagnostics[2]
      Request finished HTTP/1.1 GET http://127.0.0.1:54405/api/config/client - 200 - application/json;+charset=utf-8 4.0077ms
info: Microsoft.AspNetCore.Routing.EndpointMiddleware[1]
      Executed endpoint 'HTTP: GET /api/projects/'
info: Microsoft.AspNetCore.Hosting.Diagnostics[2]
      Request finished HTTP/1.1 GET http://127.0.0.1:54405/api/projects - 200 - application/json;+charset=utf-8 10.4380ms
info: Microsoft.AspNetCore.Routing.EndpointMiddleware[1]
      Executed endpoint 'HTTP: GET /api/harnesses'
info: Microsoft.AspNetCore.Hosting.Diagnostics[2]
      Request finished HTTP/1.1 GET http://127.0.0.1:54405/api/harnesses - 200 - application/json;+charset=utf-8 9.8316ms
info: Microsoft.AspNetCore.Hosting.Diagnostics[1]
      Request starting HTTP/1.1 GET http://127.0.0.1:54405/assets/weave_logo-DTOcbVxI.png - - -
info: Microsoft.AspNetCore.StaticFiles.StaticFileMiddleware[2]
      Sending file. Request path: '/assets/weave_logo-DTOcbVxI.png'. Physical path: '/Users/pgermishuys/source/weave-fleet-vue-ui/src/WeaveFleet.Api/wwwroot/assets/weave_logo-DTOcbVxI.png'
info: Microsoft.AspNetCore.Hosting.Diagnostics[2]
      Request finished HTTP/1.1 GET http://127.0.0.1:54405/assets/weave_logo-DTOcbVxI.png - 200 308872 image/png 0.6115ms
info: Microsoft.AspNetCore.Http.Result.OkObjectResult[1]
      Setting HTTP status code 200.
info: Microsoft.AspNetCore.Http.Result.OkObjectResult[3]
      Writing value of type '&lt;&gt;f__AnonymousType30`2' as Json.
info: Microsoft.AspNetCore.Routing.EndpointMiddleware[1]
      Executed endpoint 'HTTP: GET /api/plugins'
info: Microsoft.AspNetCore.Hosting.Diagnostics[2]
      Request finished HTTP/1.1 GET http://127.0.0.1:54405/api/plugins - 200 - application/json;+charset=utf-8 14.1995ms
info: Microsoft.AspNetCore.Hosting.Diagnostics[1]
      Request starting HTTP/1.1 GET http://127.0.0.1:54405/api/user/me - - -
info: Microsoft.AspNetCore.Routing.EndpointMiddleware[0]
      Executing endpoint 'HTTP: GET /api/user/me'
info: Microsoft.AspNetCore.Http.Result.OkObjectResult[1]
      Setting HTTP status code 200.
info: Microsoft.AspNetCore.Http.Result.OkObjectResult[3]
      Writing value of type 'UserMeResponse' as Json.
info: Microsoft.AspNetCore.Routing.EndpointMiddleware[1]
      Executed endpoint 'HTTP: GET /api/user/me'
info: Microsoft.AspNetCore.Hosting.Diagnostics[2]
      Request finished HTTP/1.1 GET http://127.0.0.1:54405/api/user/me - 200 - application/json;+charset=utf-8 2.3181ms
info: WeaveFleet.Application.Services.RepositoryService[872334253]
      Repository scan complete: 0 repositories found
info: Microsoft.AspNetCore.Http.Result.OkObjectResult[1]
      Setting HTTP status code 200.
info: Microsoft.AspNetCore.Http.Result.OkObjectResult[3]
      Writing value of type '&lt;&gt;f__AnonymousType7`2' as Json.
info: Microsoft.AspNetCore.Routing.EndpointMiddleware[1]
      Executed endpoint 'HTTP: GET /api/repositories'
info: Microsoft.AspNetCore.Hosting.Diagnostics[2]
      Request finished HTTP/1.1 GET http://127.0.0.1:54405/api/repositories - 200 - application/json;+charset=utf-8 27.5974ms
info: Microsoft.AspNetCore.Hosting.Diagnostics[1]
      Request starting HTTP/1.1 GET http://127.0.0.1:54405/api/repositories - - -
info: Microsoft.AspNetCore.Routing.EndpointMiddleware[0]
      Executing endpoint 'HTTP: GET /api/repositories'
info: Microsoft.AspNetCore.Http.Result.OkObjectResult[1]
      Setting HTTP status code 200.
info: Microsoft.AspNetCore.Http.Result.OkObjectResult[3]
      Writing value of type '&lt;&gt;f__AnonymousType7`2' as Json.
info: Microsoft.AspNetCore.Routing.EndpointMiddleware[1]
      Executed endpoint 'HTTP: GET /api/repositories'
info: Microsoft.AspNetCore.Hosting.Diagnostics[2]
      Request finished HTTP/1.1 GET http://127.0.0.1:54405/api/repositories - 200 - application/json;+charset=utf-8 0.4831ms
info: Microsoft.AspNetCore.Routing.EndpointMiddleware[1]
      Executed endpoint '/ws'
info: Microsoft.AspNetCore.Hosting.Diagnostics[2]
      Request finished HTTP/1.1 GET http://127.0.0.1:54405/ws - 101 - - 319.4116ms
info: Microsoft.AspNetCore.Hosting.Diagnostics[1]
      Request starting HTTP/1.1 GET http://127.0.0.1:54405/settings - - -
info: Microsoft.AspNetCore.Routing.EndpointMiddleware[0]
      Executing endpoint 'Fallback {*path:nonfile}'
info: Microsoft.AspNetCore.StaticFiles.StaticFileMiddleware[2]
      Sending file. Request path: '/index.html'. Physical path: '/Users/pgermishuys/source/weave-fleet-vue-ui/src/WeaveFleet.Api/wwwroot/index.html'
info: Microsoft.AspNetCore.Routing.EndpointMiddleware[1]
      Executed endpoint 'Fallback {*path:nonfile}'
info: Microsoft.AspNetCore.Hosting.Diagnostics[2]
      Request finished HTTP/1.1 GET http://127.0.0.1:54405/index.html - 200 3129 text/html 0.4814ms
info: Microsoft.AspNetCore.Hosting.Diagnostics[1]
      Request starting HTTP/1.1 GET http://127.0.0.1:54405/assets/index-C1w8eJ01.js - - -
info: Microsoft.AspNetCore.Cors.Infrastructure.CorsService[5]
      CORS policy execution failed.
info: Microsoft.AspNetCore.Cors.Infrastructure.CorsService[6]
      Request origin http://127.0.0.1:54405 does not have permission to access the resource.
info: Microsoft.AspNetCore.StaticFiles.StaticFileMiddleware[2]
      Sending file. Request path: '/assets/index-C1w8eJ01.js'. Physical path: '/Users/pgermishuys/source/weave-fleet-vue-ui/src/WeaveFleet.Api/wwwroot/assets/index-C1w8eJ01.js'
info: Microsoft.AspNetCore.Hosting.Diagnostics[2]
      Request finished HTTP/1.1 GET http://127.0.0.1:54405/assets/index-C1w8eJ01.js - 200 245321 text/javascript 0.6712ms
info: Microsoft.AspNetCore.Hosting.Diagnostics[1]
      Request starting HTTP/1.1 GET http://127.0.0.1:54405/assets/_plugin-vue_export-helper-DSrzDOgY.js - - -
info: Microsoft.AspNetCore.Cors.Infrastructure.CorsService[5]
      CORS policy execution failed.
info: Microsoft.AspNetCore.Cors.Infrastructure.CorsService[6]
      Request origin http://127.0.0.1:54405 does not have permission to access the resource.
info: Microsoft.AspNetCore.Hosting.Diagnostics[1]
      Request starting HTTP/1.1 GET http://127.0.0.1:54405/assets/vue.runtime.esm-bundler-DyW0qBVq.js - - -
info: Microsoft.AspNetCore.Cors.Infrastructure.CorsService[5]
      CORS policy execution failed.
info: Microsoft.AspNetCore.Cors.Infrastructure.CorsService[6]
      Request origin http://127.0.0.1:54405 does not have permission to access the resource.
info: Microsoft.AspNetCore.StaticFiles.StaticFileMiddleware[2]
      Sending file. Request path: '/assets/_plugin-vue_export-helper-DSrzDOgY.js'. Physical path: '/Users/pgermishuys/source/weave-fleet-vue-ui/src/WeaveFleet.Api/wwwroot/assets/_plugin-vue_export-helper-DSrzDOgY.js'
info: Microsoft.AspNetCore.Hosting.Diagnostics[2]
      Request finished HTTP/1.1 GET http://127.0.0.1:54405/assets/_plugin-vue_export-helper-DSrzDOgY.js - 200 84 text/javascript 0.3411ms
info: Microsoft.AspNetCore.StaticFiles.StaticFileMiddleware[2]
      Sending file. Request path: '/assets/vue.runtime.esm-bundler-DyW0qBVq.js'. Physical path: '/Users/pgermishuys/source/weave-fleet-vue-ui/src/WeaveFleet.Api/wwwroot/assets/vue.runtime.esm-bundler-DyW0qBVq.js'
info: Microsoft.AspNetCore.Hosting.Diagnostics[2]
      Request finished HTTP/1.1 GET http://127.0.0.1:54405/assets/vue.runtime.esm-bundler-DyW0qBVq.js - 200 110000 text/javascript 0.3463ms
info: Microsoft.AspNetCore.Hosting.Diagnostics[1]
      Request starting HTTP/1.1 GET http://127.0.0.1:54405/assets/useRouter-CNXey00X.js - - -
info: Microsoft.AspNetCore.Hosting.Diagnostics[1]
      Request starting HTTP/1.1 GET http://127.0.0.1:54405/assets/esm--ohhNyhN.js - - -
info: Microsoft.AspNetCore.Cors.Infrastructure.CorsService[5]
      CORS policy execution failed.
info: Microsoft.AspNetCore.Cors.Infrastructure.CorsService[6]
      Request origin http://127.0.0.1:54405 does not have permission to access the resource.
info: Microsoft.AspNetCore.Cors.Infrastructure.CorsService[5]
      CORS policy execution failed.
info: Microsoft.AspNetCore.Cors.Infrastructure.CorsService[6]
      Request origin http://127.0.0.1:54405 does not have permission to access the resource.
info: Microsoft.AspNetCore.StaticFiles.StaticFileMiddleware[2]
      Sending file. Request path: '/assets/esm--ohhNyhN.js'. Physical path: '/Users/pgermishuys/source/weave-fleet-vue-ui/src/WeaveFleet.Api/wwwroot/assets/esm--ohhNyhN.js'
info: Microsoft.AspNetCore.Hosting.Diagnostics[2]
      Request finished HTTP/1.1 GET http://127.0.0.1:54405/assets/esm--ohhNyhN.js - 200 908 text/javascript 0.2630ms
info: Microsoft.AspNetCore.StaticFiles.StaticFileMiddleware[2]
      Sending file. Request path: '/assets/useRouter-CNXey00X.js'. Physical path: '/Users/pgermishuys/source/weave-fleet-vue-ui/src/WeaveFleet.Api/wwwroot/assets/useRouter-CNXey00X.js'
info: Microsoft.AspNetCore.Hosting.Diagnostics[2]
      Request finished HTTP/1.1 GET http://127.0.0.1:54405/assets/useRouter-CNXey00X.js - 200 170 text/javascript 0.5100ms
info: Microsoft.AspNetCore.Hosting.Diagnostics[1]
      Request starting HTTP/1.1 GET http://127.0.0.1:54405/assets/preload-helper-BlkOsHn6.js - - -
info: Microsoft.AspNetCore.Cors.Infrastructure.CorsService[5]
      CORS policy execution failed.
info: Microsoft.AspNetCore.Cors.Infrastructure.CorsService[6]
      Request origin http://127.0.0.1:54405 does not have permission to access the resource.
info: Microsoft.AspNetCore.Hosting.Diagnostics[1]
      Request starting HTTP/1.1 GET http://127.0.0.1:54405/assets/index-eH342-PQ.css - - -
info: Microsoft.AspNetCore.Hosting.Diagnostics[1]
      Request starting HTTP/1.1 GET http://127.0.0.1:54405/assets/dist-CKTRIdlW.js - - -
info: Microsoft.AspNetCore.Cors.Infrastructure.CorsService[5]
      CORS policy execution failed.
info: Microsoft.AspNetCore.Cors.Infrastructure.CorsService[5]
      CORS policy execution failed.
info: Microsoft.AspNetCore.Cors.Infrastructure.CorsService[6]
      Request origin http://127.0.0.1:54405 does not have permission to access the resource.
info: Microsoft.AspNetCore.Cors.Infrastructure.CorsService[6]
      Request origin http://127.0.0.1:54405 does not have permission to access the resource.
info: Microsoft.AspNetCore.Hosting.Diagnostics[1]
      Request starting HTTP/1.1 GET http://127.0.0.1:54405/assets/utils-Balx9kFQ.js - - -
info: Microsoft.AspNetCore.StaticFiles.StaticFileMiddleware[2]
      Sending file. Request path: '/assets/preload-helper-BlkOsHn6.js'. Physical path: '/Users/pgermishuys/source/weave-fleet-vue-ui/src/WeaveFleet.Api/wwwroot/assets/preload-helper-BlkOsHn6.js'
info: Microsoft.AspNetCore.Hosting.Diagnostics[2]
      Request finished HTTP/1.1 GET http://127.0.0.1:54405/assets/preload-helper-BlkOsHn6.js - 200 79680 text/javascript 1.0227ms
info: Microsoft.AspNetCore.Hosting.Diagnostics[1]
      Request starting HTTP/1.1 GET http://127.0.0.1:54405/assets/dist-ChHwotgI.js - - -
info: Microsoft.AspNetCore.Cors.Infrastructure.CorsService[5]
      CORS policy execution failed.
info: Microsoft.AspNetCore.StaticFiles.StaticFileMiddleware[2]
      Sending file. Request path: '/assets/dist-CKTRIdlW.js'. Physical path: '/Users/pgermishuys/source/weave-fleet-vue-ui/src/WeaveFleet.Api/wwwroot/assets/dist-CKTRIdlW.js'
info: Microsoft.AspNetCore.Cors.Infrastructure.CorsService[6]
      Request origin http://127.0.0.1:54405 does not have permission to access the resource.
info: Microsoft.AspNetCore.Hosting.Diagnostics[1]
      Request starting HTTP/1.1 GET http://127.0.0.1:54405/assets/PopperContent-UEpyWulk.js - - -
info: Microsoft.AspNetCore.Hosting.Diagnostics[2]
      Request finished HTTP/1.1 GET http://127.0.0.1:54405/assets/dist-CKTRIdlW.js - 200 6173 text/javascript 0.2383ms
info: Microsoft.AspNetCore.Cors.Infrastructure.CorsService[5]
      CORS policy execution failed.
info: Microsoft.AspNetCore.Cors.Infrastructure.CorsService[6]
      Request origin http://127.0.0.1:54405 does not have permission to access the resource.
info: Microsoft.AspNetCore.Cors.Infrastructure.CorsService[5]
      CORS policy execution failed.
info: Microsoft.AspNetCore.Cors.Infrastructure.CorsService[6]
      Request origin http://127.0.0.1:54405 does not have permission to access the resource.
info: Microsoft.AspNetCore.StaticFiles.StaticFileMiddleware[2]
      Sending file. Request path: '/assets/utils-Balx9kFQ.js'. Physical path: '/Users/pgermishuys/source/weave-fleet-vue-ui/src/WeaveFleet.Api/wwwroot/assets/utils-Balx9kFQ.js'
info: Microsoft.AspNetCore.Hosting.Diagnostics[1]
      Request starting HTTP/1.1 GET http://127.0.0.1:54405/assets/createLucideIcon-B9Iyit6S.js - - -
info: Microsoft.AspNetCore.Cors.Infrastructure.CorsService[5]
      CORS policy execution failed.
info: Microsoft.AspNetCore.Cors.Infrastructure.CorsService[6]
      Request origin http://127.0.0.1:54405 does not have permission to access the resource.
info: Microsoft.AspNetCore.StaticFiles.StaticFileMiddleware[2]
      Sending file. Request path: '/assets/PopperContent-UEpyWulk.js'. Physical path: '/Users/pgermishuys/source/weave-fleet-vue-ui/src/WeaveFleet.Api/wwwroot/assets/PopperContent-UEpyWulk.js'
info: Microsoft.AspNetCore.Hosting.Diagnostics[2]
      Request finished HTTP/1.1 GET http://127.0.0.1:54405/assets/PopperContent-UEpyWulk.js - 200 46720 text/javascript 0.3702ms
info: Microsoft.AspNetCore.StaticFiles.StaticFileMiddleware[2]
      Sending file. Request path: '/assets/index-eH342-PQ.css'. Physical path: '/Users/pgermishuys/source/weave-fleet-vue-ui/src/WeaveFleet.Api/wwwroot/assets/index-eH342-PQ.css'
info: Microsoft.AspNetCore.StaticFiles.StaticFileMiddleware[2]
      Sending file. Request path: '/assets/createLucideIcon-B9Iyit6S.js'. Physical path: '/Users/pgermishuys/source/weave-fleet-vue-ui/src/WeaveFleet.Api/wwwroot/assets/createLucideIcon-B9Iyit6S.js'
info: Microsoft.AspNetCore.Hosting.Diagnostics[2]
      Request finished HTTP/1.1 GET http://127.0.0.1:54405/assets/createLucideIcon-B9Iyit6S.js - 200 1213 text/javascript 0.1513ms
info: Microsoft.AspNetCore.Hosting.Diagnostics[2]
      Request finished HTTP/1.1 GET http://127.0.0.1:54405/assets/utils-Balx9kFQ.js - 200 26412 text/javascript 0.6262ms
info: Microsoft.AspNetCore.Hosting.Diagnostics[2]
      Request finished HTTP/1.1 GET http://127.0.0.1:54405/assets/index-eH342-PQ.css - 200 96536 text/css 0.7811ms
info: Microsoft.AspNetCore.StaticFiles.StaticFileMiddleware[2]
      Sending file. Request path: '/assets/dist-ChHwotgI.js'. Physical path: '/Users/pgermishuys/source/weave-fleet-vue-ui/src/WeaveFleet.Api/wwwroot/assets/dist-ChHwotgI.js'
info: Microsoft.AspNetCore.Hosting.Diagnostics[2]
      Request finished HTTP/1.1 GET http://127.0.0.1:54405/assets/dist-ChHwotgI.js - 200 1458 text/javascript 0.6375ms
info: Microsoft.AspNetCore.Hosting.Diagnostics[1]
      Request starting HTTP/1.1 GET http://127.0.0.1:54405/assets/SelectValue-BD8Llx-a.js - - -
info: Microsoft.AspNetCore.Cors.Infrastructure.CorsService[5]
      CORS policy execution failed.
info: Microsoft.AspNetCore.Cors.Infrastructure.CorsService[6]
      Request origin http://127.0.0.1:54405 does not have permission to access the resource.
info: Microsoft.AspNetCore.StaticFiles.StaticFileMiddleware[2]
      Sending file. Request path: '/assets/SelectValue-BD8Llx-a.js'. Physical path: '/Users/pgermishuys/source/weave-fleet-vue-ui/src/WeaveFleet.Api/wwwroot/assets/SelectValue-BD8Llx-a.js'
info: Microsoft.AspNetCore.Hosting.Diagnostics[2]
      Request finished HTTP/1.1 GET http://127.0.0.1:54405/assets/SelectValue-BD8Llx-a.js - 200 35909 text/javascript 0.2118ms
info: Microsoft.AspNetCore.Hosting.Diagnostics[1]
      Request starting HTTP/1.1 GET http://127.0.0.1:54405/assets/trash-2-7QwTnTU7.js - - -
info: Microsoft.AspNetCore.Cors.Infrastructure.CorsService[5]
      CORS policy execution failed.
info: Microsoft.AspNetCore.Cors.Infrastructure.CorsService[6]
      Request origin http://127.0.0.1:54405 does not have permission to access the resource.
info: Microsoft.AspNetCore.Hosting.Diagnostics[1]
      Request starting HTTP/1.1 GET http://127.0.0.1:54405/assets/pinia-vGxpGMPS.js - - -
info: Microsoft.AspNetCore.StaticFiles.StaticFileMiddleware[2]
      Sending file. Request path: '/assets/trash-2-7QwTnTU7.js'. Physical path: '/Users/pgermishuys/source/weave-fleet-vue-ui/src/WeaveFleet.Api/wwwroot/assets/trash-2-7QwTnTU7.js'
info: Microsoft.AspNetCore.Hosting.Diagnostics[1]
      Request starting HTTP/1.1 GET http://127.0.0.1:54405/assets/composable-Cf8bJYxr.js - - -
info: Microsoft.AspNetCore.Hosting.Diagnostics[2]
      Request finished HTTP/1.1 GET http://127.0.0.1:54405/assets/trash-2-7QwTnTU7.js - 200 489 text/javascript 0.2383ms
info: Microsoft.AspNetCore.Cors.Infrastructure.CorsService[5]
      CORS policy execution failed.
info: Microsoft.AspNetCore.Hosting.Diagnostics[1]
      Request starting HTTP/1.1 GET http://127.0.0.1:54405/assets/badge-SCBYGjZ5.js - - -
info: Microsoft.AspNetCore.Cors.Infrastructure.CorsService[6]
      Request origin http://127.0.0.1:54405 does not have permission to access the resource.
info: Microsoft.AspNetCore.Cors.Infrastructure.CorsService[5]
      CORS policy execution failed.
info: Microsoft.AspNetCore.Cors.Infrastructure.CorsService[5]
      CORS policy execution failed.
info: Microsoft.AspNetCore.Cors.Infrastructure.CorsService[6]
      Request origin http://127.0.0.1:54405 does not have permission to access the resource.
info: Microsoft.AspNetCore.Cors.Infrastructure.CorsService[6]
      Request origin http://127.0.0.1:54405 does not have permission to access the resource.
info: Microsoft.AspNetCore.Hosting.Diagnostics[1]
      Request starting HTTP/1.1 GET http://127.0.0.1:54405/assets/api-client-CjiK8JSM.js - - -
info: Microsoft.AspNetCore.Cors.Infrastructure.CorsService[5]
      CORS policy execution failed.
info: Microsoft.AspNetCore.Cors.Infrastructure.CorsService[6]
      Request origin http://127.0.0.1:54405 does not have permission to access the resource.
info: Microsoft.AspNetCore.StaticFiles.StaticFileMiddleware[2]
      Sending file. Request path: '/assets/composable-Cf8bJYxr.js'. Physical path: '/Users/pgermishuys/source/weave-fleet-vue-ui/src/WeaveFleet.Api/wwwroot/assets/composable-Cf8bJYxr.js'
info: Microsoft.AspNetCore.Hosting.Diagnostics[2]
      Request finished HTTP/1.1 GET http://127.0.0.1:54405/assets/composable-Cf8bJYxr.js - 200 1892 text/javascript 0.2657ms
info: Microsoft.AspNetCore.Hosting.Diagnostics[1]
      Request starting HTTP/1.1 GET http://127.0.0.1:54405/assets/message-square-CemfTAnn.js - - -
info: Microsoft.AspNetCore.StaticFiles.StaticFileMiddleware[2]
      Sending file. Request path: '/assets/pinia-vGxpGMPS.js'. Physical path: '/Users/pgermishuys/source/weave-fleet-vue-ui/src/WeaveFleet.Api/wwwroot/assets/pinia-vGxpGMPS.js'
info: Microsoft.AspNetCore.Cors.Infrastructure.CorsService[5]
      CORS policy execution failed.
info: Microsoft.AspNetCore.Hosting.Diagnostics[2]
      Request finished HTTP/1.1 GET http://127.0.0.1:54405/assets/pinia-vGxpGMPS.js - 200 6182 text/javascript 0.3445ms
info: Microsoft.AspNetCore.Cors.Infrastructure.CorsService[6]
      Request origin http://127.0.0.1:54405 does not have permission to access the resource.
info: Microsoft.AspNetCore.StaticFiles.StaticFileMiddleware[2]
      Sending file. Request path: '/assets/badge-SCBYGjZ5.js'. Physical path: '/Users/pgermishuys/source/weave-fleet-vue-ui/src/WeaveFleet.Api/wwwroot/assets/badge-SCBYGjZ5.js'
info: Microsoft.AspNetCore.StaticFiles.StaticFileMiddleware[2]
      Sending file. Request path: '/assets/message-square-CemfTAnn.js'. Physical path: '/Users/pgermishuys/source/weave-fleet-vue-ui/src/WeaveFleet.Api/wwwroot/assets/message-square-CemfTAnn.js'
info: Microsoft.AspNetCore.Hosting.Diagnostics[2]
      Request finished HTTP/1.1 GET http://127.0.0.1:54405/assets/message-square-CemfTAnn.js - 200 1357 text/javascript 0.1533ms
info: Microsoft.AspNetCore.Hosting.Diagnostics[2]
      Request finished HTTP/1.1 GET http://127.0.0.1:54405/assets/badge-SCBYGjZ5.js - 200 5536 text/javascript 0.4732ms
info: Microsoft.AspNetCore.Hosting.Diagnostics[1]
      Request starting HTTP/1.1 GET http://127.0.0.1:54405/assets/theme-Cln1tBio.js - - -
info: Microsoft.AspNetCore.Cors.Infrastructure.CorsService[5]
      CORS policy execution failed.
info: Microsoft.AspNetCore.Cors.Infrastructure.CorsService[6]
      Request origin http://127.0.0.1:54405 does not have permission to access the resource.
info: Microsoft.AspNetCore.StaticFiles.StaticFileMiddleware[2]
      Sending file. Request path: '/assets/api-client-CjiK8JSM.js'. Physical path: '/Users/pgermishuys/source/weave-fleet-vue-ui/src/WeaveFleet.Api/wwwroot/assets/api-client-CjiK8JSM.js'
info: Microsoft.AspNetCore.Hosting.Diagnostics[2]
      Request finished HTTP/1.1 GET http://127.0.0.1:54405/assets/api-client-CjiK8JSM.js - 200 873 text/javascript 0.8264ms
info: Microsoft.AspNetCore.StaticFiles.StaticFileMiddleware[2]
      Sending file. Request path: '/assets/theme-Cln1tBio.js'. Physical path: '/Users/pgermishuys/source/weave-fleet-vue-ui/src/WeaveFleet.Api/wwwroot/assets/theme-Cln1tBio.js'
info: Microsoft.AspNetCore.Hosting.Diagnostics[1]
      Request starting HTTP/1.1 GET http://127.0.0.1:54405/assets/folder-git-2-Bway9TRl.js - - -
info: Microsoft.AspNetCore.Cors.Infrastructure.CorsService[5]
      CORS policy execution failed.
info: Microsoft.AspNetCore.Cors.Infrastructure.CorsService[6]
      Request origin http://127.0.0.1:54405 does not have permission to access the resource.
info: Microsoft.AspNetCore.Hosting.Diagnostics[2]
      Request finished HTTP/1.1 GET http://127.0.0.1:54405/assets/theme-Cln1tBio.js - 200 2290 text/javascript 0.5372ms
info: Microsoft.AspNetCore.StaticFiles.StaticFileMiddleware[2]
      Sending file. Request path: '/assets/folder-git-2-Bway9TRl.js'. Physical path: '/Users/pgermishuys/source/weave-fleet-vue-ui/src/WeaveFleet.Api/wwwroot/assets/folder-git-2-Bway9TRl.js'
info: Microsoft.AspNetCore.Hosting.Diagnostics[2]
      Request finished HTTP/1.1 GET http://127.0.0.1:54405/assets/folder-git-2-Bway9TRl.js - 200 365 text/javascript 0.2166ms
info: Microsoft.AspNetCore.Hosting.Diagnostics[1]
      Request starting HTTP/1.1 GET http://127.0.0.1:54405/assets/loader-circle-dxLegKW2.js - - -
info: Microsoft.AspNetCore.Hosting.Diagnostics[1]
      Request starting HTTP/1.1 GET http://127.0.0.1:54405/assets/play-DL4k3ibe.js - - -
info: Microsoft.AspNetCore.Hosting.Diagnostics[1]
      Request starting HTTP/1.1 GET http://127.0.0.1:54405/assets/plug-zap-C-Q2-kq4.js - - -
info: Microsoft.AspNetCore.Hosting.Diagnostics[1]
      Request starting HTTP/1.1 GET http://127.0.0.1:54405/assets/refresh-cw-Bu5XPYUX.js - - -
info: Microsoft.AspNetCore.Cors.Infrastructure.CorsService[5]
      CORS policy execution failed.
info: Microsoft.AspNetCore.Cors.Infrastructure.CorsService[5]
      CORS policy execution failed.
info: Microsoft.AspNetCore.Hosting.Diagnostics[1]
      Request starting HTTP/1.1 GET http://127.0.0.1:54405/assets/settings-2-DmqzGImW.js - - -
info: Microsoft.AspNetCore.Cors.Infrastructure.CorsService[6]
      Request origin http://127.0.0.1:54405 does not have permission to access the resource.
info: Microsoft.AspNetCore.Cors.Infrastructure.CorsService[6]
      Request origin http://127.0.0.1:54405 does not have permission to access the resource.
info: Microsoft.AspNetCore.Cors.Infrastructure.CorsService[5]
      CORS policy execution failed.
info: Microsoft.AspNetCore.Cors.Infrastructure.CorsService[6]
      Request origin http://127.0.0.1:54405 does not have permission to access the resource.
info: Microsoft.AspNetCore.Cors.Infrastructure.CorsService[5]
      CORS policy execution failed.
info: Microsoft.AspNetCore.Cors.Infrastructure.CorsService[6]
      Request origin http://127.0.0.1:54405 does not have permission to access the resource.
info: Microsoft.AspNetCore.Cors.Infrastructure.CorsService[5]
      CORS policy execution failed.
info: Microsoft.AspNetCore.StaticFiles.StaticFileMiddleware[2]
      Sending file. Request path: '/assets/settings-2-DmqzGImW.js'. Physical path: '/Users/pgermishuys/source/weave-fleet-vue-ui/src/WeaveFleet.Api/wwwroot/assets/settings-2-DmqzGImW.js'
info: Microsoft.AspNetCore.Cors.Infrastructure.CorsService[6]
      Request origin http://127.0.0.1:54405 does not have permission to access the resource.
info: Microsoft.AspNetCore.Hosting.Diagnostics[2]
      Request finished HTTP/1.1 GET http://127.0.0.1:54405/assets/settings-2-DmqzGImW.js - 200 252 text/javascript 0.1658ms
info: Microsoft.AspNetCore.StaticFiles.StaticFileMiddleware[2]
      Sending file. Request path: '/assets/refresh-cw-Bu5XPYUX.js'. Physical path: '/Users/pgermishuys/source/weave-fleet-vue-ui/src/WeaveFleet.Api/wwwroot/assets/refresh-cw-Bu5XPYUX.js'
info: Microsoft.AspNetCore.StaticFiles.StaticFileMiddleware[2]
      Sending file. Request path: '/assets/loader-circle-dxLegKW2.js'. Physical path: '/Users/pgermishuys/source/weave-fleet-vue-ui/src/WeaveFleet.Api/wwwroot/assets/loader-circle-dxLegKW2.js'
info: Microsoft.AspNetCore.StaticFiles.StaticFileMiddleware[2]
      Sending file. Request path: '/assets/plug-zap-C-Q2-kq4.js'. Physical path: '/Users/pgermishuys/source/weave-fleet-vue-ui/src/WeaveFleet.Api/wwwroot/assets/plug-zap-C-Q2-kq4.js'
info: Microsoft.AspNetCore.Hosting.Diagnostics[2]
      Request finished HTTP/1.1 GET http://127.0.0.1:54405/assets/loader-circle-dxLegKW2.js - 200 144 text/javascript 0.3753ms
info: Microsoft.AspNetCore.Hosting.Diagnostics[2]
      Request finished HTTP/1.1 GET http://127.0.0.1:54405/assets/refresh-cw-Bu5XPYUX.js - 200 321 text/javascript 0.2782ms
[...]
info: Microsoft.AspNetCore.Hosting.Diagnostics[2]
      Request finished HTTP/1.1 GET http://127.0.0.1:54405/assets/play-DL4k3ibe.js - 200 190 text/javascript 0.4158ms
info: Microsoft.AspNetCore.Hosting.Diagnostics[1]
      Request starting HTTP/1.1 GET http://127.0.0.1:54405/assets/plug-zap-C-Q2-kq4.js - - -
info: Microsoft.AspNetCore.Hosting.Diagnostics[1]
      Request starting HTTP/1.1 GET http://127.0.0.1:54405/assets/triangle-alert-D-XeajUm.js - - -
info: Microsoft.AspNetCore.Cors.Infrastructure.CorsService[5]
      CORS policy execution failed.
info: Microsoft.AspNetCore.Cors.Infrastructure.CorsService[6]
      Request origin http://127.0.0.1:54405 does not have permission to access the resource.
info: Microsoft.AspNetCore.Cors.Infrastructure.CorsService[5]
      CORS policy execution failed.
info: Microsoft.AspNetCore.Hosting.Diagnostics[1]
      Request starting HTTP/1.1 GET http://127.0.0.1:54405/assets/button-DLav1F5p.js - - -
info: Microsoft.AspNetCore.Cors.Infrastructure.CorsService[6]
      Request origin http://127.0.0.1:54405 does not have permission to access the resource.
info: Microsoft.AspNetCore.Hosting.Diagnostics[1]
      Request starting HTTP/1.1 GET http://127.0.0.1:54405/assets/refresh-cw-Bu5XPYUX.js - - -
info: Microsoft.AspNetCore.Cors.Infrastructure.CorsService[5]
      CORS policy execution failed.
info: Microsoft.AspNetCore.Hosting.Diagnostics[1]
      Request starting HTTP/1.1 GET http://127.0.0.1:54405/assets/settings-2-DmqzGImW.js - - -
info: Microsoft.AspNetCore.Cors.Infrastructure.CorsService[5]
      CORS policy execution failed.
info: Microsoft.AspNetCore.Cors.Infrastructure.CorsService[6]
      Request origin http://127.0.0.1:54405 does not have permission to access the resource.
info: Microsoft.AspNetCore.Cors.Infrastructure.CorsService[6]
      Request origin http://127.0.0.1:54405 does not have permission to access the resource.
info: Microsoft.AspNetCore.Cors.Infrastructure.CorsService[5]
      CORS policy execution failed.
info: Microsoft.AspNetCore.Cors.Infrastructure.CorsService[6]
      Request origin http://127.0.0.1:54405 does not have permission to access the resource.
info: Microsoft.AspNetCore.StaticFiles.StaticFileMiddleware[2]
      Sending file. Request path: '/assets/triangle-alert-D-XeajUm.js'. Physical path: '/Users/pgermishuys/source/weave-fleet-vue-ui/src/WeaveFleet.Api/wwwroot/assets/triangle-alert-D-XeajUm.js'
info: Microsoft.AspNetCore.Hosting.Diagnostics[2]
      Request finished HTTP/1.1 GET http://127.0.0.1:54405/assets/triangle-alert-D-XeajUm.js - 200 265 text/javascript 0.2272ms
info: Microsoft.AspNetCore.StaticFiles.StaticFileMiddleware[2]
      Sending file. Request path: '/assets/plug-zap-C-Q2-kq4.js'. Physical path: '/Users/pgermishuys/source/weave-fleet-vue-ui/src/WeaveFleet.Api/wwwroot/assets/plug-zap-C-Q2-kq4.js'
info: Microsoft.AspNetCore.Hosting.Diagnostics[2]
      Request finished HTTP/1.1 GET http://127.0.0.1:54405/assets/plug-zap-C-Q2-kq4.js - 200 353 text/javascript 0.3045ms
info: Microsoft.AspNetCore.Hosting.Diagnostics[1]
      Request starting HTTP/1.1 GET http://127.0.0.1:54405/assets/use-fleet-summary-BA4t9e0p.js - - -
info: Microsoft.AspNetCore.Cors.Infrastructure.CorsService[5]
      CORS policy execution failed.
info: Microsoft.AspNetCore.Cors.Infrastructure.CorsService[6]
      Request origin http://127.0.0.1:54405 does not have permission to access the resource.
info: Microsoft.AspNetCore.StaticFiles.StaticFileMiddleware[2]
      Sending file. Request path: '/assets/button-DLav1F5p.js'. Physical path: '/Users/pgermishuys/source/weave-fleet-vue-ui/src/WeaveFleet.Api/wwwroot/assets/button-DLav1F5p.js'
info: Microsoft.AspNetCore.Hosting.Diagnostics[2]
      Request finished HTTP/1.1 GET http://127.0.0.1:54405/assets/button-DLav1F5p.js - 200 1951 text/javascript 0.5339ms
info: Microsoft.AspNetCore.StaticFiles.StaticFileMiddleware[2]
      Sending file. Request path: '/assets/settings-2-DmqzGImW.js'. Physical path: '/Users/pgermishuys/source/weave-fleet-vue-ui/src/WeaveFleet.Api/wwwroot/assets/settings-2-DmqzGImW.js'
info: Microsoft.AspNetCore.Hosting.Diagnostics[2]
      Request finished HTTP/1.1 GET http://127.0.0.1:54405/assets/settings-2-DmqzGImW.js - 200 252 text/javascript 0.5230ms
info: Microsoft.AspNetCore.StaticFiles.StaticFileMiddleware[2]
      Sending file. Request path: '/assets/refresh-cw-Bu5XPYUX.js'. Physical path: '/Users/pgermishuys/source/weave-fleet-vue-ui/src/WeaveFleet.Api/wwwroot/assets/refresh-cw-Bu5XPYUX.js'
info: Microsoft.AspNetCore.StaticFiles.StaticFileMiddleware[2]
      Sending file. Request path: '/assets/use-fleet-summary-BA4t9e0p.js'. Physical path: '/Users/pgermishuys/source/weave-fleet-vue-ui/src/WeaveFleet.Api/wwwroot/assets/use-fleet-summary-BA4t9e0p.js'
info: Microsoft.AspNetCore.Hosting.Diagnostics[2]
      Request finished HTTP/1.1 GET http://127.0.0.1:54405/assets/refresh-cw-Bu5XPYUX.js - 200 321 text/javascript 1.0290ms
info: Microsoft.AspNetCore.Hosting.Diagnostics[2]
      Request finished HTTP/1.1 GET http://127.0.0.1:54405/assets/use-fleet-summary-BA4t9e0p.js - 200 41611 text/javascript 0.6704ms
info: Microsoft.AspNetCore.Hosting.Diagnostics[1]
      Request starting HTTP/1.1 GET http://127.0.0.1:54405/assets/github._owner._repo.issues._number-CYI8Fp8r.js - - -
info: Microsoft.AspNetCore.Cors.Infrastructure.CorsService[5]
      CORS policy execution failed.
info: Microsoft.AspNetCore.Hosting.Diagnostics[1]
      Request starting HTTP/1.1 GET http://127.0.0.1:54405/assets/weave_logo-BsTIvnRn.js - - -
info: Microsoft.AspNetCore.Hosting.Diagnostics[1]
      Request starting HTTP/1.1 GET http://127.0.0.1:54405/assets/format-utils-D5-parAU.js - - -
info: Microsoft.AspNetCore.Hosting.Diagnostics[1]
      Request starting HTTP/1.1 GET http://127.0.0.1:54405/assets/sessions._id-37I7FNAA.js - - -
info: Microsoft.AspNetCore.Cors.Infrastructure.CorsService[6]
      Request origin http://127.0.0.1:54405 does not have permission to access the resource.
info: Microsoft.AspNetCore.Cors.Infrastructure.CorsService[5]
      CORS policy execution failed.
info: Microsoft.AspNetCore.Cors.Infrastructure.CorsService[5]
      CORS policy execution failed.
info: Microsoft.AspNetCore.Cors.Infrastructure.CorsService[6]
      Request origin http://127.0.0.1:54405 does not have permission to access the resource.
info: Microsoft.AspNetCore.Cors.Infrastructure.CorsService[6]
      Request origin http://127.0.0.1:54405 does not have permission to access the resource.
info: Microsoft.AspNetCore.Cors.Infrastructure.CorsService[5]
      CORS policy execution failed.
info: Microsoft.AspNetCore.Cors.Infrastructure.CorsService[6]
      Request origin http://127.0.0.1:54405 does not have permission to access the resource.
info: Microsoft.AspNetCore.StaticFiles.StaticFileMiddleware[2]
      Sending file. Request path: '/assets/github._owner._repo.issues._number-CYI8Fp8r.js'. Physical path: '/Users/pgermishuys/source/weave-fleet-vue-ui/src/WeaveFleet.Api/wwwroot/assets/github._owner._repo.issues._number-CYI8Fp8r.js'
info: Microsoft.AspNetCore.Hosting.Diagnostics[2]
      Request finished HTTP/1.1 GET http://127.0.0.1:54405/assets/github._owner._repo.issues._number-CYI8Fp8r.js - 200 857 text/javascript 0.3546ms
info: Microsoft.AspNetCore.StaticFiles.StaticFileMiddleware[2]
      Sending file. Request path: '/assets/format-utils-D5-parAU.js'. Physical path: '/Users/pgermishuys/source/weave-fleet-vue-ui/src/WeaveFleet.Api/wwwroot/assets/format-utils-D5-parAU.js'
info: Microsoft.AspNetCore.Hosting.Diagnostics[1]
      Request starting HTTP/1.1 GET http://127.0.0.1:54405/assets/sidebar-Byrz3Fte.js - - -
info: Microsoft.AspNetCore.Hosting.Diagnostics[2]
      Request finished HTTP/1.1 GET http://127.0.0.1:54405/assets/format-utils-D5-parAU.js - 200 1250 text/javascript 0.3946ms
info: Microsoft.AspNetCore.Cors.Infrastructure.CorsService[5]
      CORS policy execution failed.
info: Microsoft.AspNetCore.StaticFiles.StaticFileMiddleware[2]
      Sending file. Request path: '/assets/weave_logo-BsTIvnRn.js'. Physical path: '/Users/pgermishuys/source/weave-fleet-vue-ui/src/WeaveFleet.Api/wwwroot/assets/weave_logo-BsTIvnRn.js'
info: Microsoft.AspNetCore.Hosting.Diagnostics[1]
      Request starting HTTP/1.1 GET http://127.0.0.1:54405/assets/github._owner._repo.pulls._number-CNnksLnJ.js - - -
info: Microsoft.AspNetCore.Cors.Infrastructure.CorsService[6]
      Request origin http://127.0.0.1:54405 does not have permission to access the resource.
info: Microsoft.AspNetCore.StaticFiles.StaticFileMiddleware[2]
      Sending file. Request path: '/assets/sessions._id-37I7FNAA.js'. Physical path: '/Users/pgermishuys/source/weave-fleet-vue-ui/src/WeaveFleet.Api/wwwroot/assets/sessions._id-37I7FNAA.js'
info: Microsoft.AspNetCore.Cors.Infrastructure.CorsService[5]
      CORS policy execution failed.
info: Microsoft.AspNetCore.Cors.Infrastructure.CorsService[6]
      Request origin http://127.0.0.1:54405 does not have permission to access the resource.
info: Microsoft.AspNetCore.Hosting.Diagnostics[2]
      Request finished HTTP/1.1 GET http://127.0.0.1:54405/assets/weave_logo-BsTIvnRn.js - 200 55 text/javascript 0.4315ms
info: Microsoft.AspNetCore.Hosting.Diagnostics[2]
      Request finished HTTP/1.1 GET http://127.0.0.1:54405/assets/sessions._id-37I7FNAA.js - 200 20431 text/javascript 0.5042ms
info: Microsoft.AspNetCore.StaticFiles.StaticFileMiddleware[2]
      Sending file. Request path: '/assets/github._owner._repo.pulls._number-CNnksLnJ.js'. Physical path: '/Users/pgermishuys/source/weave-fleet-vue-ui/src/WeaveFleet.Api/wwwroot/assets/github._owner._repo.pulls._number-CNnksLnJ.js'
info: Microsoft.AspNetCore.Hosting.Diagnostics[2]
      Request finished HTTP/1.1 GET http://127.0.0.1:54405/assets/github._owner._repo.pulls._number-CNnksLnJ.js - 200 854 text/javascript 0.1762ms
info: Microsoft.AspNetCore.StaticFiles.StaticFileMiddleware[2]
      Sending file. Request path: '/assets/sidebar-Byrz3Fte.js'. Physical path: '/Users/pgermishuys/source/weave-fleet-vue-ui/src/WeaveFleet.Api/wwwroot/assets/sidebar-Byrz3Fte.js'
info: Microsoft.AspNetCore.Hosting.Diagnostics[2]
      Request finished HTTP/1.1 GET http://127.0.0.1:54405/assets/sidebar-Byrz3Fte.js - 200 8698 text/javascript 0.4679ms
info: Microsoft.AspNetCore.Hosting.Diagnostics[1]
      Request starting HTTP/1.1 GET http://127.0.0.1:54405/assets/CardTitle-BsmGtlQN.js - - -
info: Microsoft.AspNetCore.Hosting.Diagnostics[1]
      Request starting HTTP/1.1 GET http://127.0.0.1:54405/assets/pipelines-DoTX66DO.js - - -
info: Microsoft.AspNetCore.Hosting.Diagnostics[1]
      Request starting HTTP/1.1 GET http://127.0.0.1:54405/assets/CardContent-BpyX_oKx.js - - -
info: Microsoft.AspNetCore.Cors.Infrastructure.CorsService[5]
      CORS policy execution failed.
info: Microsoft.AspNetCore.Cors.Infrastructure.CorsService[5]
      CORS policy execution failed.
info: Microsoft.AspNetCore.Cors.Infrastructure.CorsService[5]
      CORS policy execution failed.
info: Microsoft.AspNetCore.Cors.Infrastructure.CorsService[6]
      Request origin http://127.0.0.1:54405 does not have permission to access the resource.
info: Microsoft.AspNetCore.Cors.Infrastructure.CorsService[6]
      Request origin http://127.0.0.1:54405 does not have permission to access the resource.
info: Microsoft.AspNetCore.Cors.Infrastructure.CorsService[6]
      Request origin http://127.0.0.1:54405 does not have permission to access the resource.
info: Microsoft.AspNetCore.StaticFiles.StaticFileMiddleware[2]
      Sending file. Request path: '/assets/CardContent-BpyX_oKx.js'. Physical path: '/Users/pgermishuys/source/weave-fleet-vue-ui/src/WeaveFleet.Api/wwwroot/assets/CardContent-BpyX_oKx.js'
info: Microsoft.AspNetCore.StaticFiles.StaticFileMiddleware[2]
      Sending file. Request path: '/assets/CardTitle-BsmGtlQN.js'. Physical path: '/Users/pgermishuys/source/weave-fleet-vue-ui/src/WeaveFleet.Api/wwwroot/assets/CardTitle-BsmGtlQN.js'
info: Microsoft.AspNetCore.StaticFiles.StaticFileMiddleware[2]
      Sending file. Request path: '/assets/pipelines-DoTX66DO.js'. Physical path: '/Users/pgermishuys/source/weave-fleet-vue-ui/src/WeaveFleet.Api/wwwroot/assets/pipelines-DoTX66DO.js'
info: Microsoft.AspNetCore.Hosting.Diagnostics[2]
      Request finished HTTP/1.1 GET http://127.0.0.1:54405/assets/CardTitle-BsmGtlQN.js - 200 756 text/javascript 0.5474ms
info: Microsoft.AspNetCore.Hosting.Diagnostics[2]
      Request finished HTTP/1.1 GET http://127.0.0.1:54405/assets/CardContent-BpyX_oKx.js - 200 653 text/javascript 0.5473ms
info: Microsoft.AspNetCore.Hosting.Diagnostics[2]
      Request finished HTTP/1.1 GET http://127.0.0.1:54405/assets/pipelines-DoTX66DO.js - 200 1844 text/javascript 0.5489ms
info: Microsoft.AspNetCore.Hosting.Diagnostics[1]
      Request starting HTTP/1.1 GET http://127.0.0.1:54405/api/sessions?limit=100&amp;offset=0 - - -
info: Microsoft.AspNetCore.Routing.EndpointMiddleware[0]
      Executing endpoint 'HTTP: GET /api/sessions/'
info: Microsoft.AspNetCore.Hosting.Diagnostics[1]
      Request starting HTTP/1.1 GET http://127.0.0.1:54405/api/projects - - -
info: Microsoft.AspNetCore.Routing.EndpointMiddleware[0]
      Executing endpoint 'HTTP: GET /api/projects/'
info: Microsoft.AspNetCore.Http.Result.OkObjectResult[1]
      Setting HTTP status code 200.
info: Microsoft.AspNetCore.Http.Result.OkObjectResult[1]
      Setting HTTP status code 200.
info: Microsoft.AspNetCore.Http.Result.OkObjectResult[3]
      Writing value of type 'List`1' as Json.
info: Microsoft.AspNetCore.Http.Result.OkObjectResult[3]
      Writing value of type 'List`1' as Json.
info: Microsoft.AspNetCore.Routing.EndpointMiddleware[1]
      Executed endpoint 'HTTP: GET /api/sessions/'
info: Microsoft.AspNetCore.Routing.EndpointMiddleware[1]
      Executed endpoint 'HTTP: GET /api/projects/'
info: Microsoft.AspNetCore.Hosting.Diagnostics[2]
      Request finished HTTP/1.1 GET http://127.0.0.1:54405/api/sessions?limit=100&amp;offset=0 - 200 - application/json;+charset=utf-8 0.5537ms
info: Microsoft.AspNetCore.Hosting.Diagnostics[2]
      Request finished HTTP/1.1 GET http://127.0.0.1:54405/api/projects - 200 - application/json;+charset=utf-8 0.3846ms
info: Microsoft.AspNetCore.Hosting.Diagnostics[1]
      Request starting HTTP/1.1 GET http://127.0.0.1:54405/api/harnesses - - -
info: Microsoft.AspNetCore.Routing.EndpointMiddleware[0]
      Executing endpoint 'HTTP: GET /api/harnesses'
info: Microsoft.AspNetCore.Http.Result.OkObjectResult[1]
      Setting HTTP status code 200.
info: Microsoft.AspNetCore.Http.Result.OkObjectResult[3]
      Writing value of type 'HarnessInfo[]' as Json.
info: Microsoft.AspNetCore.Routing.EndpointMiddleware[1]
      Executed endpoint 'HTTP: GET /api/harnesses'
info: Microsoft.AspNetCore.Hosting.Diagnostics[2]
      Request finished HTTP/1.1 GET http://127.0.0.1:54405/api/harnesses - 200 - application/json;+charset=utf-8 0.1520ms
info: Microsoft.AspNetCore.Hosting.Diagnostics[1]
      Request starting HTTP/1.1 GET http://127.0.0.1:54405/api/plugins - - -
info: Microsoft.AspNetCore.Hosting.Diagnostics[1]
      Request starting HTTP/1.1 GET http://127.0.0.1:54405/api/repositories - - -
info: Microsoft.AspNetCore.Routing.EndpointMiddleware[0]
      Executing endpoint 'HTTP: GET /api/repositories'
info: Microsoft.AspNetCore.Routing.EndpointMiddleware[0]
      Executing endpoint 'HTTP: GET /api/plugins'
info: Microsoft.AspNetCore.Hosting.Diagnostics[1]
      Request starting HTTP/1.1 GET http://127.0.0.1:54405/ws - - -
info: Microsoft.AspNetCore.Http.Result.OkObjectResult[1]
      Setting HTTP status code 200.
info: Microsoft.AspNetCore.Hosting.Diagnostics[1]
      Request starting HTTP/1.1 GET http://127.0.0.1:54405/api/config/client - - -
info: Microsoft.AspNetCore.Cors.Infrastructure.CorsService[5]
      CORS policy execution failed.
info: Microsoft.AspNetCore.Http.Result.OkObjectResult[3]
      Writing value of type '&lt;&gt;f__AnonymousType7`2' as Json.
info: Microsoft.AspNetCore.Cors.Infrastructure.CorsService[6]
      Request origin http://127.0.0.1:54405 does not have permission to access the resource.
info: Microsoft.AspNetCore.Routing.EndpointMiddleware[0]
      Executing endpoint '/ws'
info: Microsoft.AspNetCore.Routing.EndpointMiddleware[1]
      Executed endpoint 'HTTP: GET /api/repositories'
info: Microsoft.AspNetCore.Hosting.Diagnostics[2]
      Request finished HTTP/1.1 GET http://127.0.0.1:54405/api/repositories - 200 - application/json;+charset=utf-8 0.4852ms
info: Microsoft.AspNetCore.Routing.EndpointMiddleware[0]
      Executing endpoint 'HTTP: GET /api/config/client'
info: Microsoft.AspNetCore.Http.Result.OkObjectResult[1]
      Setting HTTP status code 200.
info: Microsoft.AspNetCore.Http.Result.OkObjectResult[3]
      Writing value of type 'ClientConfigResponse' as Json.
info: Microsoft.AspNetCore.Http.Result.OkObjectResult[1]
      Setting HTTP status code 200.
info: Microsoft.AspNetCore.Http.Result.OkObjectResult[3]
      Writing value of type '&lt;&gt;f__AnonymousType30`2' as Json.
info: Microsoft.AspNetCore.Routing.EndpointMiddleware[1]
      Executed endpoint 'HTTP: GET /api/plugins'
info: Microsoft.AspNetCore.Routing.EndpointMiddleware[1]
      Executed endpoint 'HTTP: GET /api/config/client'
info: Microsoft.AspNetCore.Hosting.Diagnostics[2]
      Request finished HTTP/1.1 GET http://127.0.0.1:54405/api/plugins - 200 - application/json;+charset=utf-8 0.7044ms
info: Microsoft.AspNetCore.Hosting.Diagnostics[2]
      Request finished HTTP/1.1 GET http://127.0.0.1:54405/api/config/client - 200 - application/json;+charset=utf-8 0.3882ms
info: Microsoft.AspNetCore.Hosting.Diagnostics[1]
      Request starting HTTP/1.1 GET http://127.0.0.1:54405/assets/weave_logo-DTOcbVxI.png - - -
info: Microsoft.AspNetCore.StaticFiles.StaticFileMiddleware[2]
      Sending file. Request path: '/assets/weave_logo-DTOcbVxI.png'. Physical path: '/Users/pgermishuys/source/weave-fleet-vue-ui/src/WeaveFleet.Api/wwwroot/assets/weave_logo-DTOcbVxI.png'
info: Microsoft.AspNetCore.Hosting.Diagnostics[2]
      Request finished HTTP/1.1 GET http://127.0.0.1:54405/assets/weave_logo-DTOcbVxI.png - 200 308872 image/png 0.7347ms
info: Microsoft.AspNetCore.Hosting.Diagnostics[1]
      Request starting HTTP/1.1 GET http://127.0.0.1:54405/api/user/me - - -
info: Microsoft.AspNetCore.Routing.EndpointMiddleware[0]
      Executing endpoint 'HTTP: GET /api/user/me'
info: Microsoft.AspNetCore.Http.Result.OkObjectResult[1]
      Setting HTTP status code 200.
info: Microsoft.AspNetCore.Http.Result.OkObjectResult[3]
      Writing value of type 'UserMeResponse' as Json.
info: Microsoft.AspNetCore.Routing.EndpointMiddleware[1]
      Executed endpoint 'HTTP: GET /api/user/me'
info: Microsoft.AspNetCore.Hosting.Diagnostics[2]
      Request finished HTTP/1.1 GET http://127.0.0.1:54405/api/user/me - 200 - application/json;+charset=utf-8 0.2831ms
info: Microsoft.AspNetCore.Routing.EndpointMiddleware[1]
      Executed endpoint '/ws'
info: Microsoft.AspNetCore.Hosting.Diagnostics[2]
      Request finished HTTP/1.1 GET http://127.0.0.1:54405/ws - 101 - - 298.9103ms
dbug: Microsoft.Extensions.Hosting.Internal.Host[3]
      Hosting stopping
info: Microsoft.Hosting.Lifetime[0]
      Application is shutting down...
dbug: Microsoft.Extensions.Hosting.Internal.Host[3]
      Hosting stopping
dbug: Microsoft.Extensions.Hosting.Internal.Host[4]
      Hosting stopped
dbug: Microsoft.Extensions.Hosting.Internal.Host[4]
      Hosting stopped
[xUnit.net 00:00:03.60]   Finished:    WeaveFleet.E2E
</StdOut>
    </Output>
    <RunInfos>
      <RunInfo computerName="Pieters-MBP" outcome="Error" timestamp="2026-04-20T16:12:59.0202450+02:00">
        <Text>[xUnit.net 00:00:02.00]     WeaveFleet.E2E.Tests.RouteSmokeTests.Route_LoadsWithoutClientErrors_AndRendersMainContent(route: "/settings", expectedHeading: "Settings") [FAIL]</Text>
      </RunInfo>
    </RunInfos>
  </ResultSummary>
</TestRun>