<?xml version="1.0" encoding="utf-8"?>
<TestRun id="2058959d-d878-4f25-94b0-7f21ffc42ba6" name="@Pieters-MBP 2026-08-16 21:50:10" xmlns="http://microsoft.com/schemas/VisualStudio/TeamTest/2010">
  <Times creation="2026-08-16T21:50:10.9346480+02:00" queuing="2026-08-16T21:50:10.9346480+02:00" start="2026-08-16T21:50:10.5285920+02:00" finish="2026-08-16T21:50:10.9366940+02:00" />
  <TestSettings name="default" id="36012002-c5b9-48ae-a2ae-66408591c5f4">
    <Deployment runDeploymentRoot="_Pieters-MBP_2026-08-16_21_50_10" />
  </TestSettings>
  <Results>
    <UnitTestResult executionId="5a6df3d6-f651-4363-8376-f4703d08cfc6" testId="b4bc0d3f-1d8c-cf8a-dbaa-8b20927b793b" testName="WeaveFleet.Infrastructure.Tests.Skills.GitHubSkillCatalogServiceTests.FetchCatalogAsync_WhenRemoteFails_FallsBackToCache" computerName="Pieters-MBP" duration="00:00:00.0375621" startTime="2026-08-16T21:50:10.8407830+02:00" endTime="2026-08-16T21:50:10.8836550+02:00" testType="13cdc9d9-ddb5-4fa4-a97d-d965ccfc6d4b" outcome="Failed" testListId="8c84fa94-04c1-424b-9868-57a2d4851a1d" relativeResultsDirectory="5a6df3d6-f651-4363-8376-f4703d08cfc6">
      <Output>
        <ErrorInfo>
          <Message>Shouldly.ShouldAssertException : result.IsSuccess&#xD;
    should be&#xD;
True&#xD;
    but was&#xD;
False</Message>
          <StackTrace>   at WeaveFleet.Infrastructure.Tests.Skills.GitHubSkillCatalogServiceTests.FetchCatalogAsync_WhenRemoteFails_FallsBackToCache() in /Users/pgermishuys/source/weave-fleet/tests/WeaveFleet.Infrastructure.Tests/Skills/GitHubSkillCatalogServiceTests.cs:line 145
   at System.Runtime.ExceptionServices.ExceptionDispatchInfo.Throw()
   at System.Runtime.CompilerServices.TaskAwaiter.ThrowForNonSuccess(Task task)
   at System.Runtime.CompilerServices.TaskAwaiter.HandleNonSuccessAndDebuggerNotification(Task task, ConfigureAwaitOptions options)
--- End of stack trace from previous location ---
   at System.Runtime.ExceptionServices.ExceptionDispatchInfo.Throw()
   at System.Runtime.CompilerServices.TaskAwaiter.ThrowForNonSuccess(Task task)
   at System.Runtime.CompilerServices.TaskAwaiter.HandleNonSuccessAndDebuggerNotification(Task task, ConfigureAwaitOptions options)
   at System.Runtime.ExceptionServices.ExceptionDispatchInfo.Throw()
   at System.Runtime.CompilerServices.TaskAwaiter.ThrowForNonSuccess(Task task)
   at System.Runtime.CompilerServices.TaskAwaiter.HandleNonSuccessAndDebuggerNotification(Task task, ConfigureAwaitOptions options)</StackTrace>
        </ErrorInfo>
      </Output>
    </UnitTestResult>
  </Results>
  <TestDefinitions>
    <UnitTest name="WeaveFleet.Infrastructure.Tests.Skills.GitHubSkillCatalogServiceTests.FetchCatalogAsync_WhenRemoteFails_FallsBackToCache" storage="/users/pgermishuys/source/weave-fleet/tests/weavefleet.infrastructure.tests/bin/debug/net10.0/weavefleet.infrastructure.tests.dll" id="b4bc0d3f-1d8c-cf8a-dbaa-8b20927b793b">
      <Execution id="5a6df3d6-f651-4363-8376-f4703d08cfc6" />
      <TestMethod codeBase="/Users/pgermishuys/source/weave-fleet/tests/WeaveFleet.Infrastructure.Tests/bin/Debug/net10.0/WeaveFleet.Infrastructure.Tests.dll" adapterTypeName="executor://xunit/VsTestRunner3/netcore/" className="WeaveFleet.Infrastructure.Tests.Skills.GitHubSkillCatalogServiceTests" name="FetchCatalogAsync_WhenRemoteFails_FallsBackToCache" />
    </UnitTest>
  </TestDefinitions>
  <TestEntries>
    <TestEntry testId="b4bc0d3f-1d8c-cf8a-dbaa-8b20927b793b" executionId="5a6df3d6-f651-4363-8376-f4703d08cfc6" testListId="8c84fa94-04c1-424b-9868-57a2d4851a1d" />
  </TestEntries>
  <TestLists>
    <TestList name="Results Not in a List" id="8c84fa94-04c1-424b-9868-57a2d4851a1d" />
    <TestList name="All Loaded Results" id="19431567-8539-422a-85d7-44ee4e166bda" />
  </TestLists>
  <ResultSummary outcome="Failed">
    <Counters total="1" executed="1" passed="0" failed="1" error="0" timeout="0" aborted="0" inconclusive="0" passedButRunAborted="0" notRunnable="0" notExecuted="0" disconnected="0" warning="0" completed="0" inProgress="0" pending="0" />
    <Output>
      <StdOut>[xUnit.net 00:00:00.00] xUnit.net VSTest Adapter v3.1.4+50e68bbb8b (64-bit .NET 10.0.10)
[xUnit.net 00:00:00.05]   Discovering: WeaveFleet.Infrastructure.Tests
[xUnit.net 00:00:00.09]   Discovered:  WeaveFleet.Infrastructure.Tests
[xUnit.net 00:00:00.10]   Starting:    WeaveFleet.Infrastructure.Tests
[xUnit.net 00:00:00.16]       Shouldly.ShouldAssertException : result.IsSuccess&#xD;
[xUnit.net 00:00:00.16]           should be&#xD;
[xUnit.net 00:00:00.16]       True&#xD;
[xUnit.net 00:00:00.16]           but was&#xD;
[xUnit.net 00:00:00.16]       False
[xUnit.net 00:00:00.16]       Stack Trace:
[xUnit.net 00:00:00.16]         /Users/pgermishuys/source/weave-fleet/tests/WeaveFleet.Infrastructure.Tests/Skills/GitHubSkillCatalogServiceTests.cs(145,0): at WeaveFleet.Infrastructure.Tests.Skills.GitHubSkillCatalogServiceTests.FetchCatalogAsync_WhenRemoteFails_FallsBackToCache()
[xUnit.net 00:00:00.16]            at System.Runtime.ExceptionServices.ExceptionDispatchInfo.Throw()
[xUnit.net 00:00:00.16]            at System.Runtime.CompilerServices.TaskAwaiter.ThrowForNonSuccess(Task task)
[xUnit.net 00:00:00.16]            at System.Runtime.CompilerServices.TaskAwaiter.HandleNonSuccessAndDebuggerNotification(Task task, ConfigureAwaitOptions options)
[xUnit.net 00:00:00.16]         --- End of stack trace from previous location ---
[xUnit.net 00:00:00.16]            at System.Runtime.ExceptionServices.ExceptionDispatchInfo.Throw()
[xUnit.net 00:00:00.16]            at System.Runtime.CompilerServices.TaskAwaiter.ThrowForNonSuccess(Task task)
[xUnit.net 00:00:00.16]            at System.Runtime.CompilerServices.TaskAwaiter.HandleNonSuccessAndDebuggerNotification(Task task, ConfigureAwaitOptions options)
[xUnit.net 00:00:00.16]            at System.Runtime.ExceptionServices.ExceptionDispatchInfo.Throw()
[xUnit.net 00:00:00.16]            at System.Runtime.CompilerServices.TaskAwaiter.ThrowForNonSuccess(Task task)
[xUnit.net 00:00:00.16]            at System.Runtime.CompilerServices.TaskAwaiter.HandleNonSuccessAndDebuggerNotification(Task task, ConfigureAwaitOptions options)
[xUnit.net 00:00:00.16]   Finished:    WeaveFleet.Infrastructure.Tests
</StdOut>
    </Output>
    <RunInfos>
      <RunInfo computerName="Pieters-MBP" outcome="Error" timestamp="2026-08-16T21:50:10.8848120+02:00">
        <Text>[xUnit.net 00:00:00.15]     WeaveFleet.Infrastructure.Tests.Skills.GitHubSkillCatalogServiceTests.FetchCatalogAsync_WhenRemoteFails_FallsBackToCache [FAIL]</Text>
      </RunInfo>
    </RunInfos>
  </ResultSummary>
</TestRun>